

Microchip MPLAB XC8 Assembler V2.31 build 20201012212115 
                                                                                               Sat Feb 20 14:42:28 2021

Microchip MPLAB XC8 C Compiler v2.31 (Free license) build 20201012212115 Og1 
     1                           	processor	16F887
     2                           	pagewidth 120
     3                           	opt	flic
     4                           	psect	idataCOMMON,global,class=CODE,delta=2,noexec
     5                           	psect	cinit,global,class=CODE,merge=1,delta=2
     6                           	psect	bssCOMMON,global,class=COMMON,space=1,delta=1,noexec
     7                           	psect	dataCOMMON,global,class=COMMON,space=1,delta=1,noexec
     8                           	psect	bssBANK0,global,class=BANK0,space=1,delta=1,noexec
     9                           	psect	clrtext,global,class=CODE,delta=2
    10                           	psect	cstackCOMMON,global,class=COMMON,space=1,delta=1,noexec
    11                           	psect	cstackBANK0,global,class=BANK0,space=1,delta=1,noexec
    12                           	psect	maintext,global,class=CODE,split=1,delta=2
    13                           	psect	text1,local,class=CODE,merge=1,delta=2
    14                           	psect	text2,local,class=CODE,merge=1,delta=2
    15                           	psect	text3,local,class=CODE,merge=1,delta=2
    16                           	psect	intentry,global,class=CODE,delta=2
    17                           	psect	text4,local,class=CODE,merge=1,delta=2
    18                           	psect	text5,local,class=CODE,merge=1,delta=2
    19                           	psect	text6,local,class=CODE,merge=1,delta=2
    20                           	psect	config,global,abs,ovrld,class=CONFIG,space=4,delta=2,noexec
    21                           	dabs	1,0x7E,2
    22  0000                     
    23                           ; Version 2.20
    24                           ; Generated 12/02/2020 GMT
    25                           ; 
    26                           ; Copyright © 2020, Microchip Technology Inc. and its subsidiaries ("Microchip")
    27                           ; All rights reserved.
    28                           ; 
    29                           ; This software is developed by Microchip Technology Inc. and its subsidiaries ("Microch
      +                          ip").
    30                           ; 
    31                           ; Redistribution and use in source and binary forms, with or without modification, are
    32                           ; permitted provided that the following conditions are met:
    33                           ; 
    34                           ;     1. Redistributions of source code must retain the above copyright notice, this lis
      +                          t of
    35                           ;        conditions and the following disclaimer.
    36                           ; 
    37                           ;     2. Redistributions in binary form must reproduce the above copyright notice, this 
      +                          list
    38                           ;        of conditions and the following disclaimer in the documentation and/or other
    39                           ;        materials provided with the distribution.
    40                           ; 
    41                           ;     3. Microchip's name may not be used to endorse or promote products derived from th
      +                          is
    42                           ;        software without specific prior written permission.
    43                           ; 
    44                           ; THIS SOFTWARE IS PROVIDED BY MICROCHIP "AS IS" AND ANY EXPRESS OR IMPLIED WARRANTIES,
    45                           ; INCLUDING, BUT NOT LIMITED TO, THE IMPLIED WARRANTIES OF MERCHANTABILITY AND FITNESS F
      +                          OR
    46                           ; PURPOSE ARE DISCLAIMED.  IN NO EVENT SHALL MICROCHIP BE LIABLE FOR ANY DIRECT, INDIREC
      +                          T,
    47                           ; INCIDENTAL, SPECIAL, EXEMPLARY, OR CONSEQUENTIAL DAMAGES (INCLUDING BUT NOT LIMITED TO
    48                           ; PROCUREMENT OF SUBSTITUTE GOODS OR SERVICES; LOSS OF USE, DATA OR PROFITS; OR BUSINESS
    49                           ; INTERRUPTION) HOWSOEVER CAUSED AND ON ANY THEORY OF LIABILITY, WHETHER IN CONTRACT, ST
      +                          RICT
    50                           ; LIABILITY, OR TORT (INCLUDING NEGLIGENCE OR OTHERWISE) ARISING IN ANY WAY OUT OF THE U
      +                          SE OF
    51                           ; THIS SOFTWARE, EVEN IF ADVISED OF THE POSSIBILITY OF SUCH DAMAGE.
    52                           ; 
    53                           ; 
    54                           ; Code-generator required, PIC16F887 Definitions
    55                           ; 
    56                           ; SFR Addresses
    57  0000                     	;# 
    58  0001                     	;# 
    59  0002                     	;# 
    60  0003                     	;# 
    61  0004                     	;# 
    62  0005                     	;# 
    63  0006                     	;# 
    64  0007                     	;# 
    65  0008                     	;# 
    66  0009                     	;# 
    67  000A                     	;# 
    68  000B                     	;# 
    69  000C                     	;# 
    70  000D                     	;# 
    71  000E                     	;# 
    72  000E                     	;# 
    73  000F                     	;# 
    74  0010                     	;# 
    75  0011                     	;# 
    76  0012                     	;# 
    77  0013                     	;# 
    78  0014                     	;# 
    79  0015                     	;# 
    80  0015                     	;# 
    81  0016                     	;# 
    82  0017                     	;# 
    83  0018                     	;# 
    84  0019                     	;# 
    85  001A                     	;# 
    86  001B                     	;# 
    87  001B                     	;# 
    88  001C                     	;# 
    89  001D                     	;# 
    90  001E                     	;# 
    91  001F                     	;# 
    92  0081                     	;# 
    93  0085                     	;# 
    94  0086                     	;# 
    95  0087                     	;# 
    96  0088                     	;# 
    97  0089                     	;# 
    98  008C                     	;# 
    99  008D                     	;# 
   100  008E                     	;# 
   101  008F                     	;# 
   102  0090                     	;# 
   103  0091                     	;# 
   104  0092                     	;# 
   105  0093                     	;# 
   106  0093                     	;# 
   107  0093                     	;# 
   108  0094                     	;# 
   109  0095                     	;# 
   110  0096                     	;# 
   111  0097                     	;# 
   112  0098                     	;# 
   113  0099                     	;# 
   114  009A                     	;# 
   115  009B                     	;# 
   116  009C                     	;# 
   117  009D                     	;# 
   118  009E                     	;# 
   119  009F                     	;# 
   120  0105                     	;# 
   121  0107                     	;# 
   122  0108                     	;# 
   123  0109                     	;# 
   124  010C                     	;# 
   125  010C                     	;# 
   126  010D                     	;# 
   127  010E                     	;# 
   128  010F                     	;# 
   129  0185                     	;# 
   130  0187                     	;# 
   131  0188                     	;# 
   132  0189                     	;# 
   133  018C                     	;# 
   134  018D                     	;# 
   135  0000                     	;# 
   136  0001                     	;# 
   137  0002                     	;# 
   138  0003                     	;# 
   139  0004                     	;# 
   140  0005                     	;# 
   141  0006                     	;# 
   142  0007                     	;# 
   143  0008                     	;# 
   144  0009                     	;# 
   145  000A                     	;# 
   146  000B                     	;# 
   147  000C                     	;# 
   148  000D                     	;# 
   149  000E                     	;# 
   150  000E                     	;# 
   151  000F                     	;# 
   152  0010                     	;# 
   153  0011                     	;# 
   154  0012                     	;# 
   155  0013                     	;# 
   156  0014                     	;# 
   157  0015                     	;# 
   158  0015                     	;# 
   159  0016                     	;# 
   160  0017                     	;# 
   161  0018                     	;# 
   162  0019                     	;# 
   163  001A                     	;# 
   164  001B                     	;# 
   165  001B                     	;# 
   166  001C                     	;# 
   167  001D                     	;# 
   168  001E                     	;# 
   169  001F                     	;# 
   170  0081                     	;# 
   171  0085                     	;# 
   172  0086                     	;# 
   173  0087                     	;# 
   174  0088                     	;# 
   175  0089                     	;# 
   176  008C                     	;# 
   177  008D                     	;# 
   178  008E                     	;# 
   179  008F                     	;# 
   180  0090                     	;# 
   181  0091                     	;# 
   182  0092                     	;# 
   183  0093                     	;# 
   184  0093                     	;# 
   185  0093                     	;# 
   186  0094                     	;# 
   187  0095                     	;# 
   188  0096                     	;# 
   189  0097                     	;# 
   190  0098                     	;# 
   191  0099                     	;# 
   192  009A                     	;# 
   193  009B                     	;# 
   194  009C                     	;# 
   195  009D                     	;# 
   196  009E                     	;# 
   197  009F                     	;# 
   198  0105                     	;# 
   199  0107                     	;# 
   200  0108                     	;# 
   201  0109                     	;# 
   202  010C                     	;# 
   203  010C                     	;# 
   204  010D                     	;# 
   205  010E                     	;# 
   206  010F                     	;# 
   207  0185                     	;# 
   208  0187                     	;# 
   209  0188                     	;# 
   210  0189                     	;# 
   211  018C                     	;# 
   212  018D                     	;# 
   213  0000                     	;# 
   214  0001                     	;# 
   215  0002                     	;# 
   216  0003                     	;# 
   217  0004                     	;# 
   218  0005                     	;# 
   219  0006                     	;# 
   220  0007                     	;# 
   221  0008                     	;# 
   222  0009                     	;# 
   223  000A                     	;# 
   224  000B                     	;# 
   225  000C                     	;# 
   226  000D                     	;# 
   227  000E                     	;# 
   228  000E                     	;# 
   229  000F                     	;# 
   230  0010                     	;# 
   231  0011                     	;# 
   232  0012                     	;# 
   233  0013                     	;# 
   234  0014                     	;# 
   235  0015                     	;# 
   236  0015                     	;# 
   237  0016                     	;# 
   238  0017                     	;# 
   239  0018                     	;# 
   240  0019                     	;# 
   241  001A                     	;# 
   242  001B                     	;# 
   243  001B                     	;# 
   244  001C                     	;# 
   245  001D                     	;# 
   246  001E                     	;# 
   247  001F                     	;# 
   248  0081                     	;# 
   249  0085                     	;# 
   250  0086                     	;# 
   251  0087                     	;# 
   252  0088                     	;# 
   253  0089                     	;# 
   254  008C                     	;# 
   255  008D                     	;# 
   256  008E                     	;# 
   257  008F                     	;# 
   258  0090                     	;# 
   259  0091                     	;# 
   260  0092                     	;# 
   261  0093                     	;# 
   262  0093                     	;# 
   263  0093                     	;# 
   264  0094                     	;# 
   265  0095                     	;# 
   266  0096                     	;# 
   267  0097                     	;# 
   268  0098                     	;# 
   269  0099                     	;# 
   270  009A                     	;# 
   271  009B                     	;# 
   272  009C                     	;# 
   273  009D                     	;# 
   274  009E                     	;# 
   275  009F                     	;# 
   276  0105                     	;# 
   277  0107                     	;# 
   278  0108                     	;# 
   279  0109                     	;# 
   280  010C                     	;# 
   281  010C                     	;# 
   282  010D                     	;# 
   283  010E                     	;# 
   284  010F                     	;# 
   285  0185                     	;# 
   286  0187                     	;# 
   287  0188                     	;# 
   288  0189                     	;# 
   289  018C                     	;# 
   290  018D                     	;# 
   291                           
   292                           	psect	idataCOMMON
   293  00DB                     __pidataCOMMON:
   294                           
   295                           ;initializer for _flag
   296  00DB  3401               	retlw	1
   297  0013                     _SSPBUF	set	19
   298  0014                     _SSPCON	set	20
   299  0006                     _PORTBbits	set	6
   300  000B                     _INTCONbits	set	11
   301  000C                     _PIR1bits	set	12
   302  000B                     _INTCON	set	11
   303  0007                     _PORTC	set	7
   304  0006                     _PORTB	set	6
   305  0008                     _PORTD	set	8
   306  0094                     _SSPSTATbits	set	148
   307  0094                     _SSPSTAT	set	148
   308  0096                     _IOCBbits	set	150
   309  0086                     _TRISB	set	134
   310  0087                     _TRISC	set	135
   311  0088                     _TRISD	set	136
   312  0085                     _TRISAbits	set	133
   313  043B                     _TRISC3	set	1083
   314  043D                     _TRISC5	set	1085
   315                           
   316                           	psect	cinit
   317  000F                     start_initialization:	
   318                           ; #config settings
   319                           
   320  000F                     __initialization:
   321                           
   322                           ; Initialize objects allocated to COMMON
   323  000F  120A  118A  20DB  120A  118A  	fcall	__pidataCOMMON	;fetch initializer
   324  0014  00F8               	movwf	__pdataCOMMON& (0+127)
   325                           
   326                           ; Clear objects allocated to BANK0
   327  0015  1383               	bcf	3,7	;select IRP bank0
   328  0016  3020               	movlw	low __pbssBANK0
   329  0017  0084               	movwf	4
   330  0018  3034               	movlw	low (__pbssBANK0+20)
   331  0019  120A  118A  20C6  120A  118A  	fcall	clear_ram0
   332                           
   333                           ; Clear objects allocated to COMMON
   334  001E  01F5               	clrf	__pbssCOMMON& (0+127)
   335  001F  01F6               	clrf	(__pbssCOMMON+1)& (0+127)
   336  0020  01F7               	clrf	(__pbssCOMMON+2)& (0+127)
   337  0021                     end_of_initialization:	
   338                           ;End of C runtime variable initialization code
   339                           
   340  0021                     __end_of__initialization:
   341  0021  0183               	clrf	3
   342  0022  120A  118A  288F   	ljmp	_main	;jump to C main() function
   343                           
   344                           	psect	bssCOMMON
   345  0075                     __pbssCOMMON:
   346  0075                     _a:
   347  0075                     	ds	1
   348  0076                     _flag2:
   349  0076                     	ds	1
   350  0077                     _count:
   351  0077                     	ds	1
   352                           
   353                           	psect	dataCOMMON
   354  0078                     __pdataCOMMON:
   355  0078                     _flag:
   356  0078                     	ds	1
   357                           
   358                           	psect	bssBANK0
   359  0020                     __pbssBANK0:
   360  0020                     _s:
   361  0020                     	ds	20
   362                           
   363                           	psect	clrtext
   364  00C6                     clear_ram0:	
   365                           ;	Called with FSR containing the base address, and
   366                           ;	W with the last address+1
   367                           
   368  00C6  0064               	clrwdt	;clear the watchdog before getting into this loop
   369  00C7                     clrloop0:
   370  00C7  0180               	clrf	0	;clear RAM location pointed to by FSR
   371  00C8  0A84               	incf	4,f	;increment pointer
   372  00C9  0604               	xorwf	4,w	;XOR with final address
   373  00CA  1903               	btfsc	3,2	;have we reached the end yet?
   374  00CB  3400               	retlw	0	;all done for this memory range, return
   375  00CC  0604               	xorwf	4,w	;XOR again to restore value
   376  00CD  28C7               	goto	clrloop0	;do the next byte
   377                           
   378                           	psect	cstackCOMMON
   379  0070                     __pcstackCOMMON:
   380  0070                     ?_setup:
   381  0070                     ?_spiRead:	
   382                           ; 1 bytes @ 0x0
   383                           
   384  0070                     ??_spiRead:	
   385                           ; 1 bytes @ 0x0
   386                           
   387  0070                     ?_spiWrite:	
   388                           ; 1 bytes @ 0x0
   389                           
   390  0070                     ??_spiWrite:	
   391                           ; 1 bytes @ 0x0
   392                           
   393  0070                     ?_main:	
   394                           ; 1 bytes @ 0x0
   395                           
   396  0070                     ?_ISR:	
   397                           ; 1 bytes @ 0x0
   398                           
   399  0070                     ?_spiReceiveWait:	
   400                           ; 1 bytes @ 0x0
   401                           
   402  0070                     ??_spiReceiveWait:	
   403                           ; 1 bytes @ 0x0
   404                           
   405  0070                     spiWrite@dat:	
   406                           ; 1 bytes @ 0x0
   407                           
   408                           
   409                           ; 1 bytes @ 0x0
   410  0070                     	ds	1
   411  0071                     ??_ISR:
   412                           
   413                           ; 1 bytes @ 0x1
   414  0071                     	ds	3
   415  0074                     ??_setup:
   416  0074                     ??_spiInit:	
   417                           ; 1 bytes @ 0x4
   418                           
   419  0074                     spiInit@sType:	
   420                           ; 1 bytes @ 0x4
   421                           
   422                           
   423                           ; 1 bytes @ 0x4
   424  0074                     	ds	1
   425  0075                     ??_main:
   426                           
   427                           	psect	cstackBANK0
   428  0034                     __pcstackBANK0:	
   429                           ; 1 bytes @ 0x5
   430                           
   431  0034                     ?_spiInit:
   432  0034                     spiInit@sDataSample:	
   433                           ; 1 bytes @ 0x0
   434                           
   435                           
   436                           ; 1 bytes @ 0x0
   437  0034                     	ds	1
   438  0035                     spiInit@sClockIdle:
   439                           
   440                           ; 1 bytes @ 0x1
   441  0035                     	ds	1
   442  0036                     spiInit@sTransmitEdge:
   443                           
   444                           ; 1 bytes @ 0x2
   445  0036                     	ds	1
   446                           
   447                           	psect	maintext
   448  008F                     __pmaintext:	
   449 ;;
   450 ;;Main: autosize = 0, tempsize = 0, incstack = 0, save=0
   451 ;;
   452 ;; *************** function _main *****************
   453 ;; Defined at:
   454 ;;		line 55 in file "main.c"
   455 ;; Parameters:    Size  Location     Type
   456 ;;		None
   457 ;; Auto vars:     Size  Location     Type
   458 ;;		None
   459 ;; Return value:  Size  Location     Type
   460 ;;                  1    wreg      void 
   461 ;; Registers used:
   462 ;;		wreg, status,2, status,0, pclath, cstack
   463 ;; Tracked objects:
   464 ;;		On entry : B00/0
   465 ;;		On exit  : 0/0
   466 ;;		Unchanged: 0/0
   467 ;; Data sizes:     COMMON   BANK0   BANK1   BANK3   BANK2
   468 ;;      Params:         0       0       0       0       0
   469 ;;      Locals:         0       0       0       0       0
   470 ;;      Temps:          0       0       0       0       0
   471 ;;      Totals:         0       0       0       0       0
   472 ;;Total ram usage:        0 bytes
   473 ;; Hardware stack levels required when called:    4
   474 ;; This function calls:
   475 ;;		_setup
   476 ;;		_spiInit
   477 ;; This function is called by:
   478 ;;		Startup code after reset
   479 ;; This function uses a non-reentrant model
   480 ;;
   481                           
   482                           
   483                           ;psect for function _main
   484  008F                     _main:
   485  008F                     l809:	
   486                           ;incstack = 0
   487                           ; Regs used in _main: [wreg+status,2+status,0+pclath+cstack]
   488                           
   489                           
   490                           ;main.c: 56:     setup();
   491  008F  120A  118A  20AA  120A  118A  	fcall	_setup
   492  0094                     l811:
   493                           
   494                           ;main.c: 57:     count = 0;
   495  0094  01F7               	clrf	_count
   496  0095                     l813:
   497                           
   498                           ;main.c: 58:     flag = 1;
   499  0095  01F8               	clrf	_flag
   500  0096  0AF8               	incf	_flag,f
   501  0097                     l815:
   502                           
   503                           ;main.c: 59:     spiInit(SPI_SLAVE_SS_EN, SPI_DATA_SAMPLE_MIDDLE, SPI_CLOCK_IDLE_LOW, SP
      +                          I_IDLE_2_ACTIVE);
   504  0097  1283               	bcf	3,5	;RP0=0, select bank0
   505  0098  1303               	bcf	3,6	;RP1=0, select bank0
   506  0099  01B4               	clrf	spiInit@sDataSample
   507  009A  01B5               	clrf	spiInit@sClockIdle
   508  009B  01B6               	clrf	spiInit@sTransmitEdge
   509  009C  3024               	movlw	36
   510  009D  120A  118A  2071  120A  118A  	fcall	_spiInit
   511  00A2                     l817:
   512                           
   513                           ;main.c: 63:         PORTD = count;
   514  00A2  0877               	movf	_count,w
   515  00A3  1283               	bcf	3,5	;RP0=0, select bank0
   516  00A4  1303               	bcf	3,6	;RP1=0, select bank0
   517  00A5  0088               	movwf	8	;volatile
   518  00A6  28A2               	goto	l817
   519  00A7  120A  118A  280C   	ljmp	start
   520  00AA                     __end_of_main:
   521                           
   522                           	psect	text1
   523  0071                     __ptext1:	
   524 ;; *************** function _spiInit *****************
   525 ;; Defined at:
   526 ;;		line 13 in file "SPI.c"
   527 ;; Parameters:    Size  Location     Type
   528 ;;  sType           1    wreg     enum E1264
   529 ;;  sDataSample     1    0[BANK0 ] enum E1272
   530 ;;  sClockIdle      1    1[BANK0 ] enum E1276
   531 ;;  sTransmitEdg    1    2[BANK0 ] enum E1280
   532 ;; Auto vars:     Size  Location     Type
   533 ;;  sType           1    4[COMMON] enum E1264
   534 ;; Return value:  Size  Location     Type
   535 ;;                  1    wreg      void 
   536 ;; Registers used:
   537 ;;		wreg, status,2, status,0
   538 ;; Tracked objects:
   539 ;;		On entry : 0/0
   540 ;;		On exit  : 0/0
   541 ;;		Unchanged: 0/0
   542 ;; Data sizes:     COMMON   BANK0   BANK1   BANK3   BANK2
   543 ;;      Params:         0       3       0       0       0
   544 ;;      Locals:         1       0       0       0       0
   545 ;;      Temps:          0       0       0       0       0
   546 ;;      Totals:         1       3       0       0       0
   547 ;;Total ram usage:        4 bytes
   548 ;; Hardware stack levels used:    1
   549 ;; Hardware stack levels required when called:    3
   550 ;; This function calls:
   551 ;;		Nothing
   552 ;; This function is called by:
   553 ;;		_main
   554 ;; This function uses a non-reentrant model
   555 ;;
   556                           
   557                           
   558                           ;psect for function _spiInit
   559  0071                     _spiInit:
   560                           
   561                           ;incstack = 0
   562                           ; Regs used in _spiInit: [wreg+status,2+status,0]
   563                           ;spiInit@sType stored from wreg
   564  0071  00F4               	movwf	spiInit@sType
   565  0072                     l799:
   566                           
   567                           ;SPI.c: 13: void spiInit(Spi_Type sType, Spi_Data_Sample sDataSample, Spi_Clock_Idle sCl
      +                          ockIdle, Spi_Transmit_Edge sTransmitEdge);SPI.c: 14: {;SPI.c: 15:     TRISC5 = 0;
   568  0072  1683               	bsf	3,5	;RP0=1, select bank1
   569  0073  1303               	bcf	3,6	;RP1=0, select bank1
   570  0074  1287               	bcf	7,5	;volatile
   571                           
   572                           ;SPI.c: 16:     if(sType & 0b00000100)
   573  0075  1D74               	btfss	spiInit@sType,2
   574  0076  2878               	goto	u121
   575  0077  2879               	goto	u120
   576  0078                     u121:
   577  0078  2881               	goto	l805
   578  0079                     u120:
   579  0079                     l801:
   580                           
   581                           ;SPI.c: 17:     {;SPI.c: 18:         SSPSTAT = sTransmitEdge;
   582  0079  1283               	bcf	3,5	;RP0=0, select bank0
   583  007A  1303               	bcf	3,6	;RP1=0, select bank0
   584  007B  0836               	movf	spiInit@sTransmitEdge,w
   585  007C  1683               	bsf	3,5	;RP0=1, select bank1
   586  007D  1303               	bcf	3,6	;RP1=0, select bank1
   587  007E  0094               	movwf	20	;volatile
   588  007F                     l803:
   589                           
   590                           ;SPI.c: 19:         TRISC3 = 1;
   591  007F  1587               	bsf	7,3	;volatile
   592                           
   593                           ;SPI.c: 20:     }
   594  0080  2889               	goto	l87
   595  0081                     l805:
   596                           
   597                           ;SPI.c: 22:     {;SPI.c: 23:         SSPSTAT = sDataSample | sTransmitEdge;
   598  0081  1283               	bcf	3,5	;RP0=0, select bank0
   599  0082  1303               	bcf	3,6	;RP1=0, select bank0
   600  0083  0834               	movf	spiInit@sDataSample,w
   601  0084  0436               	iorwf	spiInit@sTransmitEdge,w
   602  0085  1683               	bsf	3,5	;RP0=1, select bank1
   603  0086  1303               	bcf	3,6	;RP1=0, select bank1
   604  0087  0094               	movwf	20	;volatile
   605  0088                     l807:
   606                           
   607                           ;SPI.c: 24:         TRISC3 = 0;
   608  0088  1187               	bcf	7,3	;volatile
   609  0089                     l87:	
   610                           ;SPI.c: 25:     }
   611                           
   612                           
   613                           ;SPI.c: 27:     SSPCON = sType | sClockIdle;
   614  0089  0874               	movf	spiInit@sType,w
   615  008A  1283               	bcf	3,5	;RP0=0, select bank0
   616  008B  1303               	bcf	3,6	;RP1=0, select bank0
   617  008C  0435               	iorwf	spiInit@sClockIdle,w
   618  008D  0094               	movwf	20	;volatile
   619  008E                     l88:
   620  008E  0008               	return
   621  008F                     __end_of_spiInit:
   622                           
   623                           	psect	text2
   624  00AA                     __ptext2:	
   625 ;; *************** function _setup *****************
   626 ;; Defined at:
   627 ;;		line 76 in file "main.c"
   628 ;; Parameters:    Size  Location     Type
   629 ;;		None
   630 ;; Auto vars:     Size  Location     Type
   631 ;;		None
   632 ;; Return value:  Size  Location     Type
   633 ;;                  1    wreg      void 
   634 ;; Registers used:
   635 ;;		wreg, status,2
   636 ;; Tracked objects:
   637 ;;		On entry : 0/0
   638 ;;		On exit  : 0/0
   639 ;;		Unchanged: 0/0
   640 ;; Data sizes:     COMMON   BANK0   BANK1   BANK3   BANK2
   641 ;;      Params:         0       0       0       0       0
   642 ;;      Locals:         0       0       0       0       0
   643 ;;      Temps:          0       0       0       0       0
   644 ;;      Totals:         0       0       0       0       0
   645 ;;Total ram usage:        0 bytes
   646 ;; Hardware stack levels used:    1
   647 ;; Hardware stack levels required when called:    3
   648 ;; This function calls:
   649 ;;		Nothing
   650 ;; This function is called by:
   651 ;;		_main
   652 ;; This function uses a non-reentrant model
   653 ;;
   654                           
   655                           
   656                           ;psect for function _setup
   657  00AA                     _setup:
   658  00AA                     l699:	
   659                           ;incstack = 0
   660                           ; Regs used in _setup: [wreg+status,2]
   661                           
   662                           
   663                           ;main.c: 77:     TRISAbits.TRISA5 = 1;
   664  00AA  1683               	bsf	3,5	;RP0=1, select bank1
   665  00AB  1303               	bcf	3,6	;RP1=0, select bank1
   666  00AC  1685               	bsf	5,5	;volatile
   667  00AD                     l701:
   668                           
   669                           ;main.c: 78:     TRISD = 0b00000000;
   670  00AD  0188               	clrf	8	;volatile
   671  00AE                     l703:
   672                           
   673                           ;main.c: 79:     TRISC = 0b00011000;
   674  00AE  3018               	movlw	24
   675  00AF  0087               	movwf	7	;volatile
   676  00B0                     l705:
   677                           
   678                           ;main.c: 80:     TRISB = 0b11111110;
   679  00B0  30FE               	movlw	254
   680  00B1  0086               	movwf	6	;volatile
   681  00B2                     l707:
   682                           
   683                           ;main.c: 81:     IOCBbits.IOCB6 = 1;
   684  00B2  1716               	bsf	22,6	;volatile
   685  00B3                     l709:
   686                           
   687                           ;main.c: 82:     IOCBbits.IOCB7 = 1;
   688  00B3  1796               	bsf	22,7	;volatile
   689                           
   690                           ;main.c: 83:     PORTB = 0;
   691  00B4  1283               	bcf	3,5	;RP0=0, select bank0
   692  00B5  1303               	bcf	3,6	;RP1=0, select bank0
   693  00B6  0186               	clrf	6	;volatile
   694                           
   695                           ;main.c: 84:     PORTC = 0;
   696  00B7  0187               	clrf	7	;volatile
   697                           
   698                           ;main.c: 85:     PORTD = 0;
   699  00B8  0188               	clrf	8	;volatile
   700                           
   701                           ;main.c: 86:     flag2 = 0;
   702  00B9  01F6               	clrf	_flag2
   703  00BA                     l711:
   704                           
   705                           ;main.c: 87:     INTCON = 0b11101000;
   706  00BA  30E8               	movlw	232
   707  00BB  008B               	movwf	11	;volatile
   708  00BC                     l53:
   709  00BC  0008               	return
   710  00BD                     __end_of_setup:
   711                           
   712                           	psect	text3
   713  0025                     __ptext3:	
   714 ;; *************** function _ISR *****************
   715 ;; Defined at:
   716 ;;		line 95 in file "main.c"
   717 ;; Parameters:    Size  Location     Type
   718 ;;		None
   719 ;; Auto vars:     Size  Location     Type
   720 ;;		None
   721 ;; Return value:  Size  Location     Type
   722 ;;                  1    wreg      void 
   723 ;; Registers used:
   724 ;;		wreg, status,2, status,0, pclath, cstack
   725 ;; Tracked objects:
   726 ;;		On entry : 0/0
   727 ;;		On exit  : 0/0
   728 ;;		Unchanged: 0/0
   729 ;; Data sizes:     COMMON   BANK0   BANK1   BANK3   BANK2
   730 ;;      Params:         0       0       0       0       0
   731 ;;      Locals:         0       0       0       0       0
   732 ;;      Temps:          3       0       0       0       0
   733 ;;      Totals:         3       0       0       0       0
   734 ;;Total ram usage:        3 bytes
   735 ;; Hardware stack levels used:    1
   736 ;; Hardware stack levels required when called:    2
   737 ;; This function calls:
   738 ;;		_spiRead
   739 ;;		_spiWrite
   740 ;; This function is called by:
   741 ;;		Interrupt level 1
   742 ;; This function uses a non-reentrant model
   743 ;;
   744                           
   745                           
   746                           ;psect for function _ISR
   747  0025                     _ISR:
   748  0025                     i1l741:
   749                           
   750                           ;main.c: 96:     if (PIR1bits.SSPIF == 1 ) {
   751  0025  1283               	bcf	3,5	;RP0=0, select bank0
   752  0026  1303               	bcf	3,6	;RP1=0, select bank0
   753  0027  1D8C               	btfss	12,3	;volatile
   754  0028  282A               	goto	u3_21
   755  0029  282B               	goto	u3_20
   756  002A                     u3_21:
   757  002A  283C               	goto	i1l747
   758  002B                     u3_20:
   759  002B                     i1l743:
   760                           
   761                           ;main.c: 98:         a = spiRead();
   762  002B  120A  118A  20BD  120A  118A  	fcall	_spiRead
   763  0030  00F1               	movwf	??_ISR
   764  0031  0871               	movf	??_ISR,w
   765  0032  00F5               	movwf	_a
   766                           
   767                           ;main.c: 99:         spiWrite(count);
   768  0033  0877               	movf	_count,w
   769  0034  120A  118A  20D5  120A  118A  	fcall	_spiWrite
   770  0039                     i1l745:
   771                           
   772                           ;main.c: 100:         PIR1bits.SSPIF = 0;
   773  0039  1283               	bcf	3,5	;RP0=0, select bank0
   774  003A  1303               	bcf	3,6	;RP1=0, select bank0
   775  003B  118C               	bcf	12,3	;volatile
   776  003C                     i1l747:
   777                           
   778                           ;main.c: 104:     if (INTCONbits.RBIF == 1) {
   779  003C  1C0B               	btfss	11,0	;volatile
   780  003D  283F               	goto	u4_21
   781  003E  2840               	goto	u4_20
   782  003F                     u4_21:
   783  003F  2869               	goto	i1l771
   784  0040                     u4_20:
   785  0040                     i1l749:
   786                           
   787                           ;main.c: 105:         if (PORTBbits.RB6 == 0) {
   788  0040  1B06               	btfsc	6,6	;volatile
   789  0041  2843               	goto	u5_21
   790  0042  2844               	goto	u5_20
   791  0043                     u5_21:
   792  0043  2856               	goto	i1l60
   793  0044                     u5_20:
   794  0044  284B               	goto	i1l755
   795  0045                     i1l62:
   796                           
   797                           ;main.c: 107:                 if (PORTBbits.RB6 == 1) {
   798  0045  1F06               	btfss	6,6	;volatile
   799  0046  2848               	goto	u6_21
   800  0047  2849               	goto	u6_20
   801  0048                     u6_21:
   802  0048  284B               	goto	i1l755
   803  0049                     u6_20:
   804  0049                     i1l753:
   805                           
   806                           ;main.c: 108:                     flag2 = 1;
   807  0049  01F6               	clrf	_flag2
   808  004A  0AF6               	incf	_flag2,f
   809  004B                     i1l755:
   810                           
   811                           ;main.c: 106:             while (flag2 == 0) {
   812  004B  0876               	movf	_flag2,w
   813  004C  1903               	btfsc	3,2
   814  004D  284F               	goto	u7_21
   815  004E  2850               	goto	u7_20
   816  004F                     u7_21:
   817  004F  2845               	goto	i1l62
   818  0050                     u7_20:
   819  0050                     i1l757:
   820                           
   821                           ;main.c: 111:             flag2 = 0;
   822  0050  01F6               	clrf	_flag2
   823  0051                     i1l759:
   824                           
   825                           ;main.c: 112:             count++;
   826  0051  3001               	movlw	1
   827  0052  00F1               	movwf	??_ISR
   828  0053  0871               	movf	??_ISR,w
   829  0054  07F7               	addwf	_count,f
   830                           
   831                           ;main.c: 114:         } else if (PORTBbits.RB7 == 0) {
   832  0055  2869               	goto	i1l771
   833  0056                     i1l60:
   834  0056  1B86               	btfsc	6,7	;volatile
   835  0057  2859               	goto	u8_21
   836  0058  285A               	goto	u8_20
   837  0059                     u8_21:
   838  0059  2869               	goto	i1l771
   839  005A                     u8_20:
   840  005A  2861               	goto	i1l765
   841  005B                     i1l68:
   842                           
   843                           ;main.c: 116:                 if (PORTBbits.RB7 == 1) {
   844  005B  1F86               	btfss	6,7	;volatile
   845  005C  285E               	goto	u9_21
   846  005D  285F               	goto	u9_20
   847  005E                     u9_21:
   848  005E  2861               	goto	i1l765
   849  005F                     u9_20:
   850  005F                     i1l763:
   851                           
   852                           ;main.c: 117:                     flag2 = 1;
   853  005F  01F6               	clrf	_flag2
   854  0060  0AF6               	incf	_flag2,f
   855  0061                     i1l765:
   856                           
   857                           ;main.c: 115:             while (flag2 == 0) {
   858  0061  0876               	movf	_flag2,w
   859  0062  1903               	btfsc	3,2
   860  0063  2865               	goto	u10_21
   861  0064  2866               	goto	u10_20
   862  0065                     u10_21:
   863  0065  285B               	goto	i1l68
   864  0066                     u10_20:
   865  0066                     i1l767:
   866                           
   867                           ;main.c: 120:             flag2 = 0;
   868  0066  01F6               	clrf	_flag2
   869  0067                     i1l769:
   870                           
   871                           ;main.c: 121:             count--;
   872  0067  3001               	movlw	1
   873  0068  02F7               	subwf	_count,f
   874  0069                     i1l771:
   875                           
   876                           ;main.c: 125:     INTCONbits.RBIF = 0;
   877  0069  100B               	bcf	11,0	;volatile
   878  006A                     i1l71:
   879  006A  0873               	movf	??_ISR+2,w
   880  006B  008A               	movwf	10
   881  006C  0E72               	swapf	??_ISR+1,w
   882  006D  0083               	movwf	3
   883  006E  0EFE               	swapf	btemp,f
   884  006F  0E7E               	swapf	btemp,w
   885  0070  0009               	retfie
   886  0071                     __end_of_ISR:
   887                           
   888                           	psect	intentry
   889  0004                     __pintentry:	
   890                           ;incstack = 0
   891                           ; Regs used in _ISR: [wreg+status,2+status,0+pclath+cstack]
   892                           
   893  0004                     interrupt_function:
   894  007E                     saved_w	set	btemp
   895  0004  00FE               	movwf	btemp
   896  0005  0E03               	swapf	3,w
   897  0006  00F2               	movwf	??_ISR+1
   898  0007  080A               	movf	10,w
   899  0008  00F3               	movwf	??_ISR+2
   900  0009  120A  118A  2825   	ljmp	_ISR
   901                           
   902                           	psect	text4
   903  00D5                     __ptext4:	
   904 ;; *************** function _spiWrite *****************
   905 ;; Defined at:
   906 ;;		line 35 in file "SPI.c"
   907 ;; Parameters:    Size  Location     Type
   908 ;;  dat             1    wreg     unsigned char 
   909 ;; Auto vars:     Size  Location     Type
   910 ;;  dat             1    0[COMMON] unsigned char 
   911 ;; Return value:  Size  Location     Type
   912 ;;                  1    wreg      void 
   913 ;; Registers used:
   914 ;;		wreg
   915 ;; Tracked objects:
   916 ;;		On entry : 0/0
   917 ;;		On exit  : 0/0
   918 ;;		Unchanged: 0/0
   919 ;; Data sizes:     COMMON   BANK0   BANK1   BANK3   BANK2
   920 ;;      Params:         0       0       0       0       0
   921 ;;      Locals:         1       0       0       0       0
   922 ;;      Temps:          0       0       0       0       0
   923 ;;      Totals:         1       0       0       0       0
   924 ;;Total ram usage:        1 bytes
   925 ;; Hardware stack levels used:    1
   926 ;; This function calls:
   927 ;;		Nothing
   928 ;; This function is called by:
   929 ;;		_ISR
   930 ;; This function uses a non-reentrant model
   931 ;;
   932                           
   933                           
   934                           ;psect for function _spiWrite
   935  00D5                     _spiWrite:
   936                           
   937                           ;incstack = 0
   938                           ; Regs used in _spiWrite: [wreg]
   939                           ;spiWrite@dat stored from wreg
   940  00D5  00F0               	movwf	spiWrite@dat
   941  00D6                     i1l729:
   942                           
   943                           ;SPI.c: 35: void spiWrite(char dat);SPI.c: 36: {;SPI.c: 37:     SSPBUF = dat;
   944  00D6  0870               	movf	spiWrite@dat,w
   945  00D7  1283               	bcf	3,5	;RP0=0, select bank0
   946  00D8  1303               	bcf	3,6	;RP1=0, select bank0
   947  00D9  0093               	movwf	19	;volatile
   948  00DA                     i1l97:
   949  00DA  0008               	return
   950  00DB                     __end_of_spiWrite:
   951                           
   952                           	psect	text5
   953  00BD                     __ptext5:	
   954 ;; *************** function _spiRead *****************
   955 ;; Defined at:
   956 ;;		line 48 in file "SPI.c"
   957 ;; Parameters:    Size  Location     Type
   958 ;;		None
   959 ;; Auto vars:     Size  Location     Type
   960 ;;		None
   961 ;; Return value:  Size  Location     Type
   962 ;;                  1    wreg      unsigned char 
   963 ;; Registers used:
   964 ;;		wreg, status,2, status,0, pclath, cstack
   965 ;; Tracked objects:
   966 ;;		On entry : 0/0
   967 ;;		On exit  : 0/0
   968 ;;		Unchanged: 0/0
   969 ;; Data sizes:     COMMON   BANK0   BANK1   BANK3   BANK2
   970 ;;      Params:         0       0       0       0       0
   971 ;;      Locals:         0       0       0       0       0
   972 ;;      Temps:          0       0       0       0       0
   973 ;;      Totals:         0       0       0       0       0
   974 ;;Total ram usage:        0 bytes
   975 ;; Hardware stack levels used:    1
   976 ;; Hardware stack levels required when called:    1
   977 ;; This function calls:
   978 ;;		_spiReceiveWait
   979 ;; This function is called by:
   980 ;;		_ISR
   981 ;; This function uses a non-reentrant model
   982 ;;
   983                           
   984                           
   985                           ;psect for function _spiRead
   986  00BD                     _spiRead:
   987  00BD                     i1l723:	
   988                           ;incstack = 0
   989                           ; Regs used in _spiRead: [wreg+status,2+status,0+pclath+cstack]
   990                           
   991                           
   992                           ;SPI.c: 50:     spiReceiveWait();
   993  00BD  120A  118A  20CE  120A  118A  	fcall	_spiReceiveWait
   994  00C2                     i1l725:
   995                           
   996                           ;SPI.c: 51:     return(SSPBUF);
   997  00C2  1283               	bcf	3,5	;RP0=0, select bank0
   998  00C3  1303               	bcf	3,6	;RP1=0, select bank0
   999  00C4  0813               	movf	19,w	;volatile
  1000  00C5                     i1l105:
  1001  00C5  0008               	return
  1002  00C6                     __end_of_spiRead:
  1003                           
  1004                           	psect	text6
  1005  00CE                     __ptext6:	
  1006 ;; *************** function _spiReceiveWait *****************
  1007 ;; Defined at:
  1008 ;;		line 30 in file "SPI.c"
  1009 ;; Parameters:    Size  Location     Type
  1010 ;;		None
  1011 ;; Auto vars:     Size  Location     Type
  1012 ;;		None
  1013 ;; Return value:  Size  Location     Type
  1014 ;;                  1    wreg      void 
  1015 ;; Registers used:
  1016 ;;		None
  1017 ;; Tracked objects:
  1018 ;;		On entry : 0/0
  1019 ;;		On exit  : 0/0
  1020 ;;		Unchanged: 0/0
  1021 ;; Data sizes:     COMMON   BANK0   BANK1   BANK3   BANK2
  1022 ;;      Params:         0       0       0       0       0
  1023 ;;      Locals:         0       0       0       0       0
  1024 ;;      Temps:          0       0       0       0       0
  1025 ;;      Totals:         0       0       0       0       0
  1026 ;;Total ram usage:        0 bytes
  1027 ;; Hardware stack levels used:    1
  1028 ;; This function calls:
  1029 ;;		Nothing
  1030 ;; This function is called by:
  1031 ;;		_spiRead
  1032 ;; This function uses a non-reentrant model
  1033 ;;
  1034                           
  1035                           
  1036                           ;psect for function _spiReceiveWait
  1037  00CE                     _spiReceiveWait:
  1038  00CE                     i1l697:	
  1039                           ;incstack = 0
  1040                           ; Regs used in _spiReceiveWait: []
  1041                           
  1042  00CE                     i1l91:	
  1043                           ;SPI.c: 32:     while ( !SSPSTATbits.BF );
  1044                           
  1045  00CE  1683               	bsf	3,5	;RP0=1, select bank1
  1046  00CF  1303               	bcf	3,6	;RP1=0, select bank1
  1047  00D0  1C14               	btfss	20,0	;volatile
  1048  00D1  28D3               	goto	u1_21
  1049  00D2  28D4               	goto	u1_20
  1050  00D3                     u1_21:
  1051  00D3  28CE               	goto	i1l91
  1052  00D4                     u1_20:
  1053  00D4                     i1l94:
  1054  00D4  0008               	return
  1055  00D5                     __end_of_spiReceiveWait:
  1056  007E                     btemp	set	126	;btemp
  1057  007E                     wtemp0	set	126
  1058                           
  1059                           	psect	config
  1060                           
  1061                           ;Config register CONFIG1 @ 0x2007
  1062                           ;	Oscillator Selection bits
  1063                           ;	FOSC = INTRC_CLKOUT, INTOSC oscillator: CLKOUT function on RA6/OSC2/CLKOUT pin, I/O fu
      +                          nction on RA7/OSC1/CLKIN
  1064                           ;	Watchdog Timer Enable bit
  1065                           ;	WDTE = OFF, WDT disabled and can be enabled by SWDTEN bit of the WDTCON register
  1066                           ;	Power-up Timer Enable bit
  1067                           ;	PWRTE = OFF, PWRT disabled
  1068                           ;	RE3/MCLR pin function select bit
  1069                           ;	MCLRE = OFF, RE3/MCLR pin function is digital input, MCLR internally tied to VDD
  1070                           ;	Code Protection bit
  1071                           ;	CP = OFF, Program memory code protection is disabled
  1072                           ;	Data Code Protection bit
  1073                           ;	CPD = OFF, Data memory code protection is disabled
  1074                           ;	Brown Out Reset Selection bits
  1075                           ;	BOREN = OFF, BOR disabled
  1076                           ;	Internal External Switchover bit
  1077                           ;	IESO = OFF, Internal/External Switchover mode is disabled
  1078                           ;	Fail-Safe Clock Monitor Enabled bit
  1079                           ;	FCMEN = OFF, Fail-Safe Clock Monitor is disabled
  1080                           ;	Low Voltage Programming Enable bit
  1081                           ;	LVP = OFF, RB3 pin has digital I/O, HV on MCLR must be used for programming
  1082                           ;	In-Circuit Debugger Mode bit
  1083                           ;	DEBUG = 0x1, unprogrammed default
  1084  2007                     	org	8199
  1085  2007  20D5               	dw	8405
  1086                           
  1087                           ;Config register CONFIG2 @ 0x2008
  1088                           ;	Brown-out Reset Selection bit
  1089                           ;	BOR4V = BOR40V, Brown-out Reset set to 4.0V
  1090                           ;	Flash Program Memory Self Write Enable bits
  1091                           ;	WRT = OFF, Write protection off
  1092  2008                     	org	8200
  1093  2008  3FFF               	dw	16383

Data Sizes:
    Strings     0
    Constant    0
    Data        1
    BSS         23
    Persistent  0
    Stack       0

Auto Spaces:
    Space          Size  Autos    Used
    COMMON           14      5       9
    BANK0            80      3      23
    BANK1            80      0       0
    BANK3            96      0       0
    BANK2            96      0       0

Pointer List with Targets:

    None.

Critical Paths under _main in COMMON

    _main->_spiInit

Critical Paths under _ISR in COMMON

    _ISR->_spiWrite

Critical Paths under _main in BANK0

    _main->_spiInit

Critical Paths under _ISR in BANK0

    None.

Critical Paths under _main in BANK1

    None.

Critical Paths under _ISR in BANK1

    None.

Critical Paths under _main in BANK3

    None.

Critical Paths under _ISR in BANK3

    None.

Critical Paths under _main in BANK2

    None.

Critical Paths under _ISR in BANK2

    None.

Call Graph Tables:

 ---------------------------------------------------------------------------------
 (Depth) Function   	        Calls       Base Space   Used Autos Params    Refs
 ---------------------------------------------------------------------------------
 (0) _main                                                 0     0      0     456
                              _setup
                            _spiInit
 ---------------------------------------------------------------------------------
 (1) _spiInit                                              4     1      3     456
                                              4 COMMON     1     1      0
                                              0 BANK0      3     0      3
 ---------------------------------------------------------------------------------
 (1) _setup                                                0     0      0       0
 ---------------------------------------------------------------------------------
 Estimated maximum stack depth 1
 ---------------------------------------------------------------------------------
 (Depth) Function   	        Calls       Base Space   Used Autos Params    Refs
 ---------------------------------------------------------------------------------
 (2) _ISR                                                  3     3      0      15
                                              1 COMMON     3     3      0
                            _spiRead
                           _spiWrite
 ---------------------------------------------------------------------------------
 (3) _spiWrite                                             1     1      0      15
                                              0 COMMON     1     1      0
 ---------------------------------------------------------------------------------
 (3) _spiRead                                              0     0      0       0
                     _spiReceiveWait
 ---------------------------------------------------------------------------------
 (4) _spiReceiveWait                                       0     0      0       0
 ---------------------------------------------------------------------------------
 Estimated maximum stack depth 4
 ---------------------------------------------------------------------------------

 Call Graph Graphs:

 _main (ROOT)
   _setup
   _spiInit

 _ISR (ROOT)
   _spiRead
     _spiReceiveWait
   _spiWrite

 Address spaces:
Name               Size   Autos  Total    Cost      Usage
BANK3               60      0       0       9        0.0%
BITBANK3            60      0       0       8        0.0%
SFR3                 0      0       0       4        0.0%
BITSFR3              0      0       0       4        0.0%
BANK2               60      0       0      11        0.0%
BITBANK2            60      0       0      10        0.0%
SFR2                 0      0       0       5        0.0%
BITSFR2              0      0       0       5        0.0%
BANK1               50      0       0       7        0.0%
BITBANK1            50      0       0       6        0.0%
SFR1                 0      0       0       2        0.0%
BITSFR1              0      0       0       2        0.0%
BANK0               50      3      17       5       28.7%
BITBANK0            50      0       0       4        0.0%
SFR0                 0      0       0       1        0.0%
BITSFR0              0      0       0       1        0.0%
COMMON               E      5       9       1       64.3%
BITCOMMON            E      0       0       0        0.0%
CODE                 0      0       0       0        0.0%
DATA                 0      0      20      12        0.0%
ABS                  0      0      20       3        0.0%
NULL                 0      0       0       0        0.0%
STACK                0      0       0       2        0.0%
EEDATA             100      0       0       0        0.0%


Microchip Technology PIC Macro Assembler V2.31 build 20201012212115 
Symbol Table                                                                                   Sat Feb 20 14:42:28 2021

                      _a 0075                        _s 0020              _SSPSTATbits 0094  
                     l53 00BC                       l87 0089                       l88 008E  
                     fsr 0004                      l701 00AD                      l711 00BA  
                    l703 00AE                      l705 00B0                      l801 0079  
                    l707 00B2                      l803 007F                      l811 0094  
                    l709 00B3                      l805 0081                      l813 0095  
                    l807 0088                      l815 0097                      l817 00A2  
                    l809 008F                      l699 00AA                      l799 0072  
                    u120 0079                      u121 0078                      _ISR 0025  
                    indf 0000                     ?_ISR 0070                     i1l60 0056  
                   i1l62 0045                     i1l71 006A                     i1l91 00CE  
                   i1l68 005B                     i1l94 00D4                     i1l97 00DA  
                   u1_20 00D4                     u1_21 00D3                     u3_20 002B  
                   u3_21 002A                     u4_20 0040                     u4_21 003F  
                   u5_20 0044                     u5_21 0043                     u6_20 0049  
                   u6_21 0048                     u7_20 0050                     u7_21 004F  
                   u8_20 005A                     u8_21 0059                     u9_20 005F  
                   u9_21 005E                     _flag 0078                     _main 008F  
                   btemp 007E                     start 000C                    ??_ISR 0071  
                  ?_main 0070                    i1l105 00C5                    i1l723 00BD  
                  i1l725 00C2                    i1l741 0025                    i1l743 002B  
                  i1l729 00D6                    i1l753 0049                    i1l745 0039  
                  i1l763 005F                    i1l755 004B                    i1l771 0069  
                  i1l747 003C                    i1l765 0061                    i1l757 0050  
                  i1l749 0040                    i1l767 0066                    i1l759 0051  
                  i1l697 00CE                    i1l769 0067                    u10_20 0066  
                  u10_21 0065                    _PORTB 0006                    _PORTC 0007  
                  _PORTD 0008                    _TRISB 0086                    _TRISC 0087  
                  _TRISD 0088                    _flag2 0076                    _count 0077  
                  _setup 00AA                    pclath 000A          __end_of_spiInit 008F  
        __end_of_spiRead 00C6                    status 0003                    wtemp0 007E  
        __initialization 000F             __end_of_main 00AA                   ??_main 0075  
                 ?_setup 0070                   _INTCON 000B                   _TRISC3 043B  
                 _TRISC5 043D                   _SSPCON 0014                   _SSPBUF 0013  
           __pdataCOMMON 0078                   saved_w 007E         __end_of_spiWrite 00DB  
              ??_spiInit 0074                ??_spiRead 0070  __end_of__initialization 0021  
         __pcstackCOMMON 0070            __end_of_setup 00BD                  ??_setup 0074  
             __pbssBANK0 0020               __pmaintext 008F               __pintentry 0004  
__size_of_spiReceiveWait 0007                  _SSPSTAT 0094                ?_spiWrite 0070  
                __ptext1 0071                  __ptext2 00AA                  __ptext3 0025  
                __ptext4 00D5                  __ptext5 00BD                  __ptext6 00CE  
           __size_of_ISR 004C                  _spiInit 0071                  _spiRead 00BD  
                clrloop0 00C7     end_of_initialization 0021               ??_spiWrite 0070  
              _PORTBbits 0006                _TRISAbits 0085              spiWrite@dat 0070  
         _spiReceiveWait 00CE            __pidataCOMMON 00DB      start_initialization 000F  
            __end_of_ISR 0071   __end_of_spiReceiveWait 00D5              __pbssCOMMON 0075  
              ___latbits 0002            __pcstackBANK0 0034          ?_spiReceiveWait 0070  
      __size_of_spiWrite 0006                 ?_spiInit 0034                 ?_spiRead 0070  
         __size_of_setup 0013     spiInit@sTransmitEdge 0036        interrupt_function 0004  
               _IOCBbits 0096                clear_ram0 00C6       spiInit@sDataSample 0034  
               _PIR1bits 000C         __size_of_spiInit 001E         __size_of_spiRead 0009  
          __size_of_main 001B                 _spiWrite 00D5             spiInit@sType 0074  
      spiInit@sClockIdle 0035               _INTCONbits 000B                 intlevel1 0000  
       ??_spiReceiveWait 0070  
