

Microchip MPLAB XC8 Assembler V2.31 build 20201012212115 
                                                                                               Thu Mar 25 23:59:43 2021

Microchip MPLAB XC8 C Compiler v2.31 (Free license) build 20201012212115 Og1 
     1                           	processor	16F887
     2                           	pagewidth 120
     3                           	opt	flic
     4                           	psect	strings,global,class=STRING,delta=2,noexec
     5                           	psect	cinit,global,class=CODE,merge=1,delta=2
     6                           	psect	bssCOMMON,global,class=COMMON,space=1,delta=1,noexec
     7                           	psect	cstackCOMMON,global,class=COMMON,space=1,delta=1,noexec
     8                           	psect	maintext,global,class=CODE,split=1,delta=2
     9                           	psect	text1,local,class=CODE,merge=1,delta=2
    10                           	psect	text2,local,class=CODE,merge=1,delta=2
    11                           	psect	text3,local,class=CODE,merge=1,delta=2
    12                           	psect	text4,local,class=CODE,merge=1,delta=2
    13                           	psect	text5,local,class=CODE,merge=1,delta=2
    14                           	psect	intentry,global,class=CODE,delta=2
    15                           	psect	config,global,abs,ovrld,class=CONFIG,space=4,delta=2,noexec
    16                           	dabs	1,0x7E,2
    17  0000                     
    18                           ; Version 2.20
    19                           ; Generated 12/02/2020 GMT
    20                           ; 
    21                           ; Copyright © 2020, Microchip Technology Inc. and its subsidiaries ("Microchip")
    22                           ; All rights reserved.
    23                           ; 
    24                           ; This software is developed by Microchip Technology Inc. and its subsidiaries ("Microch
      +                          ip").
    25                           ; 
    26                           ; Redistribution and use in source and binary forms, with or without modification, are
    27                           ; permitted provided that the following conditions are met:
    28                           ; 
    29                           ;     1. Redistributions of source code must retain the above copyright notice, this lis
      +                          t of
    30                           ;        conditions and the following disclaimer.
    31                           ; 
    32                           ;     2. Redistributions in binary form must reproduce the above copyright notice, this 
      +                          list
    33                           ;        of conditions and the following disclaimer in the documentation and/or other
    34                           ;        materials provided with the distribution.
    35                           ; 
    36                           ;     3. Microchip's name may not be used to endorse or promote products derived from th
      +                          is
    37                           ;        software without specific prior written permission.
    38                           ; 
    39                           ; THIS SOFTWARE IS PROVIDED BY MICROCHIP "AS IS" AND ANY EXPRESS OR IMPLIED WARRANTIES,
    40                           ; INCLUDING, BUT NOT LIMITED TO, THE IMPLIED WARRANTIES OF MERCHANTABILITY AND FITNESS F
      +                          OR
    41                           ; PURPOSE ARE DISCLAIMED.  IN NO EVENT SHALL MICROCHIP BE LIABLE FOR ANY DIRECT, INDIREC
      +                          T,
    42                           ; INCIDENTAL, SPECIAL, EXEMPLARY, OR CONSEQUENTIAL DAMAGES (INCLUDING BUT NOT LIMITED TO
    43                           ; PROCUREMENT OF SUBSTITUTE GOODS OR SERVICES; LOSS OF USE, DATA OR PROFITS; OR BUSINESS
    44                           ; INTERRUPTION) HOWSOEVER CAUSED AND ON ANY THEORY OF LIABILITY, WHETHER IN CONTRACT, ST
      +                          RICT
    45                           ; LIABILITY, OR TORT (INCLUDING NEGLIGENCE OR OTHERWISE) ARISING IN ANY WAY OUT OF THE U
      +                          SE OF
    46                           ; THIS SOFTWARE, EVEN IF ADVISED OF THE POSSIBILITY OF SUCH DAMAGE.
    47                           ; 
    48                           ; 
    49                           ; Code-generator required, PIC16F887 Definitions
    50                           ; 
    51                           ; SFR Addresses
    52  0000                     	;# 
    53  0001                     	;# 
    54  0002                     	;# 
    55  0003                     	;# 
    56  0004                     	;# 
    57  0005                     	;# 
    58  0006                     	;# 
    59  0007                     	;# 
    60  0008                     	;# 
    61  0009                     	;# 
    62  000A                     	;# 
    63  000B                     	;# 
    64  000C                     	;# 
    65  000D                     	;# 
    66  000E                     	;# 
    67  000E                     	;# 
    68  000F                     	;# 
    69  0010                     	;# 
    70  0011                     	;# 
    71  0012                     	;# 
    72  0013                     	;# 
    73  0014                     	;# 
    74  0015                     	;# 
    75  0015                     	;# 
    76  0016                     	;# 
    77  0017                     	;# 
    78  0018                     	;# 
    79  0019                     	;# 
    80  001A                     	;# 
    81  001B                     	;# 
    82  001B                     	;# 
    83  001C                     	;# 
    84  001D                     	;# 
    85  001E                     	;# 
    86  001F                     	;# 
    87  0081                     	;# 
    88  0085                     	;# 
    89  0086                     	;# 
    90  0087                     	;# 
    91  0088                     	;# 
    92  0089                     	;# 
    93  008C                     	;# 
    94  008D                     	;# 
    95  008E                     	;# 
    96  008F                     	;# 
    97  0090                     	;# 
    98  0091                     	;# 
    99  0092                     	;# 
   100  0093                     	;# 
   101  0093                     	;# 
   102  0093                     	;# 
   103  0094                     	;# 
   104  0095                     	;# 
   105  0096                     	;# 
   106  0097                     	;# 
   107  0098                     	;# 
   108  0099                     	;# 
   109  009A                     	;# 
   110  009B                     	;# 
   111  009C                     	;# 
   112  009D                     	;# 
   113  009E                     	;# 
   114  009F                     	;# 
   115  0105                     	;# 
   116  0107                     	;# 
   117  0108                     	;# 
   118  0109                     	;# 
   119  010C                     	;# 
   120  010C                     	;# 
   121  010D                     	;# 
   122  010E                     	;# 
   123  010F                     	;# 
   124  0185                     	;# 
   125  0187                     	;# 
   126  0188                     	;# 
   127  0189                     	;# 
   128  018C                     	;# 
   129  018D                     	;# 
   130  0000                     	;# 
   131  0001                     	;# 
   132  0002                     	;# 
   133  0003                     	;# 
   134  0004                     	;# 
   135  0005                     	;# 
   136  0006                     	;# 
   137  0007                     	;# 
   138  0008                     	;# 
   139  0009                     	;# 
   140  000A                     	;# 
   141  000B                     	;# 
   142  000C                     	;# 
   143  000D                     	;# 
   144  000E                     	;# 
   145  000E                     	;# 
   146  000F                     	;# 
   147  0010                     	;# 
   148  0011                     	;# 
   149  0012                     	;# 
   150  0013                     	;# 
   151  0014                     	;# 
   152  0015                     	;# 
   153  0015                     	;# 
   154  0016                     	;# 
   155  0017                     	;# 
   156  0018                     	;# 
   157  0019                     	;# 
   158  001A                     	;# 
   159  001B                     	;# 
   160  001B                     	;# 
   161  001C                     	;# 
   162  001D                     	;# 
   163  001E                     	;# 
   164  001F                     	;# 
   165  0081                     	;# 
   166  0085                     	;# 
   167  0086                     	;# 
   168  0087                     	;# 
   169  0088                     	;# 
   170  0089                     	;# 
   171  008C                     	;# 
   172  008D                     	;# 
   173  008E                     	;# 
   174  008F                     	;# 
   175  0090                     	;# 
   176  0091                     	;# 
   177  0092                     	;# 
   178  0093                     	;# 
   179  0093                     	;# 
   180  0093                     	;# 
   181  0094                     	;# 
   182  0095                     	;# 
   183  0096                     	;# 
   184  0097                     	;# 
   185  0098                     	;# 
   186  0099                     	;# 
   187  009A                     	;# 
   188  009B                     	;# 
   189  009C                     	;# 
   190  009D                     	;# 
   191  009E                     	;# 
   192  009F                     	;# 
   193  0105                     	;# 
   194  0107                     	;# 
   195  0108                     	;# 
   196  0109                     	;# 
   197  010C                     	;# 
   198  010C                     	;# 
   199  010D                     	;# 
   200  010E                     	;# 
   201  010F                     	;# 
   202  0185                     	;# 
   203  0187                     	;# 
   204  0188                     	;# 
   205  0189                     	;# 
   206  018C                     	;# 
   207  018D                     	;# 
   208  0000                     	;# 
   209  0001                     	;# 
   210  0002                     	;# 
   211  0003                     	;# 
   212  0004                     	;# 
   213  0005                     	;# 
   214  0006                     	;# 
   215  0007                     	;# 
   216  0008                     	;# 
   217  0009                     	;# 
   218  000A                     	;# 
   219  000B                     	;# 
   220  000C                     	;# 
   221  000D                     	;# 
   222  000E                     	;# 
   223  000E                     	;# 
   224  000F                     	;# 
   225  0010                     	;# 
   226  0011                     	;# 
   227  0012                     	;# 
   228  0013                     	;# 
   229  0014                     	;# 
   230  0015                     	;# 
   231  0015                     	;# 
   232  0016                     	;# 
   233  0017                     	;# 
   234  0018                     	;# 
   235  0019                     	;# 
   236  001A                     	;# 
   237  001B                     	;# 
   238  001B                     	;# 
   239  001C                     	;# 
   240  001D                     	;# 
   241  001E                     	;# 
   242  001F                     	;# 
   243  0081                     	;# 
   244  0085                     	;# 
   245  0086                     	;# 
   246  0087                     	;# 
   247  0088                     	;# 
   248  0089                     	;# 
   249  008C                     	;# 
   250  008D                     	;# 
   251  008E                     	;# 
   252  008F                     	;# 
   253  0090                     	;# 
   254  0091                     	;# 
   255  0092                     	;# 
   256  0093                     	;# 
   257  0093                     	;# 
   258  0093                     	;# 
   259  0094                     	;# 
   260  0095                     	;# 
   261  0096                     	;# 
   262  0097                     	;# 
   263  0098                     	;# 
   264  0099                     	;# 
   265  009A                     	;# 
   266  009B                     	;# 
   267  009C                     	;# 
   268  009D                     	;# 
   269  009E                     	;# 
   270  009F                     	;# 
   271  0105                     	;# 
   272  0107                     	;# 
   273  0108                     	;# 
   274  0109                     	;# 
   275  010C                     	;# 
   276  010C                     	;# 
   277  010D                     	;# 
   278  010E                     	;# 
   279  010F                     	;# 
   280  0185                     	;# 
   281  0187                     	;# 
   282  0188                     	;# 
   283  0189                     	;# 
   284  018C                     	;# 
   285  018D                     	;# 
   286  0019                     _TXREG	set	25
   287  000B                     _INTCONbits	set	11
   288  001A                     _RCREG	set	26
   289  0018                     _RCSTAbits	set	24
   290  000C                     _PIR1bits	set	12
   291  0007                     _PORTC	set	7
   292  0008                     _PORTD	set	8
   293  008C                     _PIE1bits	set	140
   294  0099                     _SPBRG	set	153
   295  0098                     _TXSTAbits	set	152
   296  0087                     _TRISC	set	135
   297  0088                     _TRISD	set	136
   298  04C1                     _TRMT	set	1217
   299  0187                     _BAUDCTLbits	set	391
   300                           
   301                           	psect	strings
   302  0114                     __pstrings:
   303  0114                     stringtab:
   304  0114                     __stringtab:
   305  0114                     stringcode:	
   306                           ;	String table - string pointers are 1 byte each
   307                           
   308  0114                     stringdir:
   309  0114  3001               	movlw	high stringdir
   310  0115  008A               	movwf	10
   311  0116  0804               	movf	4,w
   312  0117  0A84               	incf	4,f
   313  0118  0782               	addwf	2,f
   314  0119                     __stringbase:
   315  0119  3400               	retlw	0
   316  011A                     __end_of__stringtab:
   317  011A                     STR_1:
   318  011A  3431               	retlw	49	;'1'
   319  011B  3430               	retlw	48	;'0'
   320  011C  3430               	retlw	48	;'0'
   321  011D  3400               	retlw	0
   322                           
   323                           	psect	cinit
   324  000F                     start_initialization:	
   325                           ; #config settings
   326                           
   327  000F                     __initialization:
   328                           
   329                           ; Clear objects allocated to COMMON
   330  000F  01F7               	clrf	__pbssCOMMON& (0+127)
   331  0010                     end_of_initialization:	
   332                           ;End of C runtime variable initialization code
   333                           
   334  0010                     __end_of__initialization:
   335  0010  0183               	clrf	3
   336  0011  120A  118A  2814   	ljmp	_main	;jump to C main() function
   337                           
   338                           	psect	bssCOMMON
   339  0077                     __pbssCOMMON:
   340  0077                     _recibido:
   341  0077                     	ds	1
   342                           
   343                           	psect	cstackCOMMON
   344  0070                     __pcstackCOMMON:
   345  0070                     ?_setup:
   346  0070                     ?_Config_USARTT:	
   347                           ; 1 bytes @ 0x0
   348                           
   349  0070                     ?_recibir:	
   350                           ; 1 bytes @ 0x0
   351                           
   352  0070                     ?_enviar:	
   353                           ; 1 bytes @ 0x0
   354                           
   355  0070                     ?_main:	
   356                           ; 1 bytes @ 0x0
   357                           
   358  0070                     ?_ISR:	
   359                           ; 1 bytes @ 0x0
   360                           
   361  0070                     ??_ISR:	
   362                           ; 1 bytes @ 0x0
   363                           
   364                           
   365                           ; 1 bytes @ 0x0
   366  0070                     	ds	3
   367  0073                     ??_setup:
   368  0073                     ??_Config_USARTT:	
   369                           ; 1 bytes @ 0x3
   370                           
   371  0073                     ??_recibir:	
   372                           ; 1 bytes @ 0x3
   373                           
   374  0073                     ??_enviar:	
   375                           ; 1 bytes @ 0x3
   376                           
   377  0073                     enviar@valor:	
   378                           ; 1 bytes @ 0x3
   379                           
   380                           
   381                           ; 1 bytes @ 0x3
   382  0073                     	ds	1
   383  0074                     ??_main:
   384                           
   385                           ; 1 bytes @ 0x4
   386  0074                     	ds	3
   387                           
   388                           	psect	maintext
   389  0014                     __pmaintext:	
   390 ;;
   391 ;;Main: autosize = 0, tempsize = 3, incstack = 0, save=0
   392 ;;
   393 ;; *************** function _main *****************
   394 ;; Defined at:
   395 ;;		line 39 in file "main.c"
   396 ;; Parameters:    Size  Location     Type
   397 ;;		None
   398 ;; Auto vars:     Size  Location     Type
   399 ;;		None
   400 ;; Return value:  Size  Location     Type
   401 ;;                  1    wreg      void 
   402 ;; Registers used:
   403 ;;		wreg, fsr0l, fsr0h, status,2, status,0, pclath, cstack
   404 ;; Tracked objects:
   405 ;;		On entry : B00/0
   406 ;;		On exit  : 0/0
   407 ;;		Unchanged: 0/0
   408 ;; Data sizes:     COMMON   BANK0   BANK1   BANK3   BANK2
   409 ;;      Params:         0       0       0       0       0
   410 ;;      Locals:         0       0       0       0       0
   411 ;;      Temps:          3       0       0       0       0
   412 ;;      Totals:         3       0       0       0       0
   413 ;;Total ram usage:        3 bytes
   414 ;; Hardware stack levels required when called:    3
   415 ;; This function calls:
   416 ;;		_Config_USARTT
   417 ;;		_enviar
   418 ;;		_recibir
   419 ;;		_setup
   420 ;; This function is called by:
   421 ;;		Startup code after reset
   422 ;; This function uses a non-reentrant model
   423 ;;
   424                           
   425                           
   426                           ;psect for function _main
   427  0014                     _main:
   428  0014                     l755:	
   429                           ;incstack = 0
   430                           ; Regs used in _main: [wreg-fsr0h+status,2+status,0+pclath+cstack]
   431                           
   432                           
   433                           ;main.c: 40:     setup();
   434  0014  120A  118A  211E  120A  118A  	fcall	_setup
   435                           
   436                           ;main.c: 41:     Config_USARTT();
   437  0019  120A  118A  20F8  120A  118A  	fcall	_Config_USARTT
   438  001E                     l757:
   439                           
   440                           ;main.c: 42:     recibir();
   441  001E  120A  118A  2109  120A  118A  	fcall	_recibir
   442  0023                     l759:
   443                           
   444                           ;main.c: 44:         enviar("100");
   445  0023  3001               	movlw	(low ((STR_1-__stringbase)| (0+32768)))& (0+255)
   446  0024  120A  118A  208D  120A  118A  	fcall	_enviar
   447  0029                     l761:
   448                           
   449                           ;main.c: 45:         _delay((unsigned long)((5000)*(8000000/4000.0)));
   450  0029  3033               	movlw	51
   451  002A  00F6               	movwf	??_main+2
   452  002B  30BB               	movlw	187
   453  002C  00F5               	movwf	??_main+1
   454  002D  30DF               	movlw	223
   455  002E  00F4               	movwf	??_main
   456  002F                     u137:
   457  002F  0BF4               	decfsz	??_main,f
   458  0030  282F               	goto	u137
   459  0031  0BF5               	decfsz	??_main+1,f
   460  0032  282F               	goto	u137
   461  0033  0BF6               	decfsz	??_main+2,f
   462  0034  282F               	goto	u137
   463  0035  2836               	nop2
   464  0036                     l763:
   465                           
   466                           ;main.c: 46:         PORTD=0b00000001;
   467  0036  3001               	movlw	1
   468  0037  1283               	bcf	3,5	;RP0=0, select bank0
   469  0038  1303               	bcf	3,6	;RP1=0, select bank0
   470  0039  0088               	movwf	8	;volatile
   471  003A                     l765:
   472                           
   473                           ;main.c: 47:         _delay((unsigned long)((3000)*(8000000/4000.0)));
   474  003A  301F               	movlw	31
   475  003B  00F6               	movwf	??_main+2
   476  003C  3071               	movlw	113
   477  003D  00F5               	movwf	??_main+1
   478  003E  301E               	movlw	30
   479  003F  00F4               	movwf	??_main
   480  0040                     u147:
   481  0040  0BF4               	decfsz	??_main,f
   482  0041  2840               	goto	u147
   483  0042  0BF5               	decfsz	??_main+1,f
   484  0043  2840               	goto	u147
   485  0044  0BF6               	decfsz	??_main+2,f
   486  0045  2840               	goto	u147
   487  0046  0000               	nop
   488  0047                     l767:
   489                           
   490                           ;main.c: 48:         PORTD=0b00000011;
   491  0047  3003               	movlw	3
   492  0048  1283               	bcf	3,5	;RP0=0, select bank0
   493  0049  1303               	bcf	3,6	;RP1=0, select bank0
   494  004A  0088               	movwf	8	;volatile
   495  004B                     l769:
   496                           
   497                           ;main.c: 49:         _delay((unsigned long)((3000)*(8000000/4000.0)));
   498  004B  301F               	movlw	31
   499  004C  00F6               	movwf	??_main+2
   500  004D  3071               	movlw	113
   501  004E  00F5               	movwf	??_main+1
   502  004F  301E               	movlw	30
   503  0050  00F4               	movwf	??_main
   504  0051                     u157:
   505  0051  0BF4               	decfsz	??_main,f
   506  0052  2851               	goto	u157
   507  0053  0BF5               	decfsz	??_main+1,f
   508  0054  2851               	goto	u157
   509  0055  0BF6               	decfsz	??_main+2,f
   510  0056  2851               	goto	u157
   511  0057  0000               	nop
   512  0058                     l771:
   513                           
   514                           ;main.c: 50:         PORTD=0b00000000;
   515  0058  1283               	bcf	3,5	;RP0=0, select bank0
   516  0059  1303               	bcf	3,6	;RP1=0, select bank0
   517  005A  0188               	clrf	8	;volatile
   518  005B                     l773:
   519                           
   520                           ;main.c: 51:         _delay((unsigned long)((3000)*(8000000/4000.0)));
   521  005B  301F               	movlw	31
   522  005C  00F6               	movwf	??_main+2
   523  005D  3071               	movlw	113
   524  005E  00F5               	movwf	??_main+1
   525  005F  301E               	movlw	30
   526  0060  00F4               	movwf	??_main
   527  0061                     u167:
   528  0061  0BF4               	decfsz	??_main,f
   529  0062  2861               	goto	u167
   530  0063  0BF5               	decfsz	??_main+1,f
   531  0064  2861               	goto	u167
   532  0065  0BF6               	decfsz	??_main+2,f
   533  0066  2861               	goto	u167
   534  0067  0000               	nop
   535  0068                     l775:
   536                           
   537                           ;main.c: 52:         PORTD=0b00000001;
   538  0068  3001               	movlw	1
   539  0069  1283               	bcf	3,5	;RP0=0, select bank0
   540  006A  1303               	bcf	3,6	;RP1=0, select bank0
   541  006B  0088               	movwf	8	;volatile
   542  006C                     l777:
   543                           
   544                           ;main.c: 53:         _delay((unsigned long)((3000)*(8000000/4000.0)));
   545  006C  301F               	movlw	31
   546  006D  00F6               	movwf	??_main+2
   547  006E  3071               	movlw	113
   548  006F  00F5               	movwf	??_main+1
   549  0070  301E               	movlw	30
   550  0071  00F4               	movwf	??_main
   551  0072                     u177:
   552  0072  0BF4               	decfsz	??_main,f
   553  0073  2872               	goto	u177
   554  0074  0BF5               	decfsz	??_main+1,f
   555  0075  2872               	goto	u177
   556  0076  0BF6               	decfsz	??_main+2,f
   557  0077  2872               	goto	u177
   558  0078  0000               	nop
   559  0079                     l779:
   560                           
   561                           ;main.c: 54:         PORTD=0b00000010;
   562  0079  3002               	movlw	2
   563  007A  1283               	bcf	3,5	;RP0=0, select bank0
   564  007B  1303               	bcf	3,6	;RP1=0, select bank0
   565  007C  0088               	movwf	8	;volatile
   566  007D                     l781:
   567                           
   568                           ;main.c: 55:         _delay((unsigned long)((10000)*(8000000/4000.0)));
   569  007D  3066               	movlw	102
   570  007E  00F6               	movwf	??_main+2
   571  007F  3076               	movlw	118
   572  0080  00F5               	movwf	??_main+1
   573  0081  30C1               	movlw	193
   574  0082  00F4               	movwf	??_main
   575  0083                     u187:
   576  0083  0BF4               	decfsz	??_main,f
   577  0084  2883               	goto	u187
   578  0085  0BF5               	decfsz	??_main+1,f
   579  0086  2883               	goto	u187
   580  0087  0BF6               	decfsz	??_main+2,f
   581  0088  2883               	goto	u187
   582  0089  2823               	goto	l759
   583  008A  120A  118A  280C   	ljmp	start
   584  008D                     __end_of_main:
   585                           
   586                           	psect	text1
   587  011E                     __ptext1:	
   588 ;; *************** function _setup *****************
   589 ;; Defined at:
   590 ;;		line 59 in file "main.c"
   591 ;; Parameters:    Size  Location     Type
   592 ;;		None
   593 ;; Auto vars:     Size  Location     Type
   594 ;;		None
   595 ;; Return value:  Size  Location     Type
   596 ;;                  1    wreg      void 
   597 ;; Registers used:
   598 ;;		wreg, status,2
   599 ;; Tracked objects:
   600 ;;		On entry : 0/0
   601 ;;		On exit  : 0/0
   602 ;;		Unchanged: 0/0
   603 ;; Data sizes:     COMMON   BANK0   BANK1   BANK3   BANK2
   604 ;;      Params:         0       0       0       0       0
   605 ;;      Locals:         0       0       0       0       0
   606 ;;      Temps:          0       0       0       0       0
   607 ;;      Totals:         0       0       0       0       0
   608 ;;Total ram usage:        0 bytes
   609 ;; Hardware stack levels used:    1
   610 ;; Hardware stack levels required when called:    1
   611 ;; This function calls:
   612 ;;		Nothing
   613 ;; This function is called by:
   614 ;;		_main
   615 ;; This function uses a non-reentrant model
   616 ;;
   617                           
   618                           
   619                           ;psect for function _setup
   620  011E                     _setup:
   621  011E                     l677:	
   622                           ;incstack = 0
   623                           ; Regs used in _setup: [wreg+status,2]
   624                           
   625                           
   626                           ;main.c: 60:     TRISD = 0b00000000;
   627  011E  1683               	bsf	3,5	;RP0=1, select bank1
   628  011F  1303               	bcf	3,6	;RP1=0, select bank1
   629  0120  0188               	clrf	8	;volatile
   630  0121                     l679:
   631                           
   632                           ;main.c: 61:     TRISC = 0b10000000;
   633  0121  3080               	movlw	128
   634  0122  0087               	movwf	7	;volatile
   635  0123                     l681:
   636                           
   637                           ;main.c: 62:     PORTC = 0;
   638  0123  1283               	bcf	3,5	;RP0=0, select bank0
   639  0124  1303               	bcf	3,6	;RP1=0, select bank0
   640  0125  0187               	clrf	7	;volatile
   641  0126                     l683:
   642                           
   643                           ;main.c: 63:     PORTD = 0;
   644  0126  0188               	clrf	8	;volatile
   645  0127                     l37:
   646  0127  0008               	return
   647  0128                     __end_of_setup:
   648                           
   649                           	psect	text2
   650  0109                     __ptext2:	
   651 ;; *************** function _recibir *****************
   652 ;; Defined at:
   653 ;;		line 40 in file "../7mo semestre/digital 2/Informes/Electronica_Digital_2/Lab3_LCD/LAB3.X/USART.c"
   654 ;; Parameters:    Size  Location     Type
   655 ;;		None
   656 ;; Auto vars:     Size  Location     Type
   657 ;;		None
   658 ;; Return value:  Size  Location     Type
   659 ;;                  1    wreg      void 
   660 ;; Registers used:
   661 ;;		None
   662 ;; Tracked objects:
   663 ;;		On entry : 0/0
   664 ;;		On exit  : 0/0
   665 ;;		Unchanged: 0/0
   666 ;; Data sizes:     COMMON   BANK0   BANK1   BANK3   BANK2
   667 ;;      Params:         0       0       0       0       0
   668 ;;      Locals:         0       0       0       0       0
   669 ;;      Temps:          0       0       0       0       0
   670 ;;      Totals:         0       0       0       0       0
   671 ;;Total ram usage:        0 bytes
   672 ;; Hardware stack levels used:    1
   673 ;; Hardware stack levels required when called:    1
   674 ;; This function calls:
   675 ;;		Nothing
   676 ;; This function is called by:
   677 ;;		_main
   678 ;; This function uses a non-reentrant model
   679 ;;
   680                           
   681                           
   682                           ;psect for function _recibir
   683  0109                     _recibir:
   684  0109                     l695:	
   685                           ;incstack = 0
   686                           ; Regs used in _recibir: []
   687                           
   688                           
   689                           ;../7mo semestre/digital 2/Informes/Electronica_Digital_2/Lab3_LCD/LAB3.X/USART.c: 41:  
      +                             RCSTAbits.CREN = 1;
   690  0109  1283               	bcf	3,5	;RP0=0, select bank0
   691  010A  1303               	bcf	3,6	;RP1=0, select bank0
   692  010B  1618               	bsf	24,4	;volatile
   693                           
   694                           ;../7mo semestre/digital 2/Informes/Electronica_Digital_2/Lab3_LCD/LAB3.X/USART.c: 42:  
      +                             RCSTAbits.FERR = 0;
   695  010C  1118               	bcf	24,2	;volatile
   696                           
   697                           ;../7mo semestre/digital 2/Informes/Electronica_Digital_2/Lab3_LCD/LAB3.X/USART.c: 43:  
      +                             PIE1bits.RCIE = 1;
   698  010D  1683               	bsf	3,5	;RP0=1, select bank1
   699  010E  1303               	bcf	3,6	;RP1=0, select bank1
   700  010F  168C               	bsf	12,5	;volatile
   701                           
   702                           ;../7mo semestre/digital 2/Informes/Electronica_Digital_2/Lab3_LCD/LAB3.X/USART.c: 44:  
      +                             RCSTAbits.OERR = 0;
   703  0110  1283               	bcf	3,5	;RP0=0, select bank0
   704  0111  1303               	bcf	3,6	;RP1=0, select bank0
   705  0112  1098               	bcf	24,1	;volatile
   706  0113                     l85:
   707  0113  0008               	return
   708  0114                     __end_of_recibir:
   709                           
   710                           	psect	text3
   711  008D                     __ptext3:	
   712 ;; *************** function _enviar *****************
   713 ;; Defined at:
   714 ;;		line 22 in file "../7mo semestre/digital 2/Informes/Electronica_Digital_2/Lab3_LCD/LAB3.X/USART.c"
   715 ;; Parameters:    Size  Location     Type
   716 ;;  valor           1    wreg     PTR unsigned char 
   717 ;;		 -> STR_1(4), 
   718 ;; Auto vars:     Size  Location     Type
   719 ;;  valor           1    3[COMMON] PTR unsigned char 
   720 ;;		 -> STR_1(4), 
   721 ;; Return value:  Size  Location     Type
   722 ;;                  1    wreg      void 
   723 ;; Registers used:
   724 ;;		wreg, fsr0l, fsr0h, status,2, status,0, pclath
   725 ;; Tracked objects:
   726 ;;		On entry : 0/0
   727 ;;		On exit  : 0/0
   728 ;;		Unchanged: 0/0
   729 ;; Data sizes:     COMMON   BANK0   BANK1   BANK3   BANK2
   730 ;;      Params:         0       0       0       0       0
   731 ;;      Locals:         1       0       0       0       0
   732 ;;      Temps:          0       0       0       0       0
   733 ;;      Totals:         1       0       0       0       0
   734 ;;Total ram usage:        1 bytes
   735 ;; Hardware stack levels used:    2
   736 ;; Hardware stack levels required when called:    1
   737 ;; This function calls:
   738 ;;		Nothing
   739 ;; This function is called by:
   740 ;;		_main
   741 ;; This function uses a non-reentrant model
   742 ;;
   743                           
   744                           
   745                           ;psect for function _enviar
   746  008D                     _enviar:
   747                           
   748                           ;incstack = 0
   749                           ; Regs used in _enviar: [wreg-fsr0h+status,2+status,0+pclath]
   750                           ;enviar@valor stored from wreg
   751  008D  00F3               	movwf	enviar@valor
   752  008E                     l745:
   753                           
   754                           ;../7mo semestre/digital 2/Informes/Electronica_Digital_2/Lab3_LCD/LAB3.X/USART.c: 23:  
      +                             TXREG = valor[0];
   755  008E  0873               	movf	enviar@valor,w
   756  008F  0084               	movwf	4
   757  0090  120A  118A  2114  120A  118A  	fcall	stringdir
   758  0095  1283               	bcf	3,5	;RP0=0, select bank0
   759  0096  1303               	bcf	3,6	;RP1=0, select bank0
   760  0097  0099               	movwf	25	;volatile
   761  0098                     l67:	
   762                           ;../7mo semestre/digital 2/Informes/Electronica_Digital_2/Lab3_LCD/LAB3.X/USART.c: 25:  
      +                             }
   763                           
   764                           
   765                           ;../7mo semestre/digital 2/Informes/Electronica_Digital_2/Lab3_LCD/LAB3.X/USART.c: 24:  
      +                             while (TRMT == 0) {
   766  0098  1683               	bsf	3,5	;RP0=1, select bank1
   767  0099  1303               	bcf	3,6	;RP1=0, select bank1
   768  009A  1C98               	btfss	24,1	;volatile
   769  009B  289D               	goto	u81
   770  009C  289E               	goto	u80
   771  009D                     u81:
   772  009D  2898               	goto	l67
   773  009E                     u80:
   774  009E                     l747:
   775                           
   776                           ;../7mo semestre/digital 2/Informes/Electronica_Digital_2/Lab3_LCD/LAB3.X/USART.c: 26:  
      +                             TXREG = valor[1];
   777  009E  0873               	movf	enviar@valor,w
   778  009F  3E01               	addlw	1
   779  00A0  0084               	movwf	4
   780  00A1  120A  118A  2114  120A  118A  	fcall	stringdir
   781  00A6  1283               	bcf	3,5	;RP0=0, select bank0
   782  00A7  1303               	bcf	3,6	;RP1=0, select bank0
   783  00A8  0099               	movwf	25	;volatile
   784  00A9                     l70:	
   785                           ;../7mo semestre/digital 2/Informes/Electronica_Digital_2/Lab3_LCD/LAB3.X/USART.c: 28:  
      +                             }
   786                           
   787                           
   788                           ;../7mo semestre/digital 2/Informes/Electronica_Digital_2/Lab3_LCD/LAB3.X/USART.c: 27:  
      +                             while (TRMT == 0) {
   789  00A9  1683               	bsf	3,5	;RP0=1, select bank1
   790  00AA  1303               	bcf	3,6	;RP1=0, select bank1
   791  00AB  1C98               	btfss	24,1	;volatile
   792  00AC  28AE               	goto	u91
   793  00AD  28AF               	goto	u90
   794  00AE                     u91:
   795  00AE  28A9               	goto	l70
   796  00AF                     u90:
   797  00AF                     l749:
   798                           
   799                           ;../7mo semestre/digital 2/Informes/Electronica_Digital_2/Lab3_LCD/LAB3.X/USART.c: 29:  
      +                             TXREG = valor[2];
   800  00AF  0873               	movf	enviar@valor,w
   801  00B0  3E02               	addlw	2
   802  00B1  0084               	movwf	4
   803  00B2  120A  118A  2114  120A  118A  	fcall	stringdir
   804  00B7  1283               	bcf	3,5	;RP0=0, select bank0
   805  00B8  1303               	bcf	3,6	;RP1=0, select bank0
   806  00B9  0099               	movwf	25	;volatile
   807  00BA                     l73:	
   808                           ;../7mo semestre/digital 2/Informes/Electronica_Digital_2/Lab3_LCD/LAB3.X/USART.c: 31:  
      +                             }
   809                           
   810                           
   811                           ;../7mo semestre/digital 2/Informes/Electronica_Digital_2/Lab3_LCD/LAB3.X/USART.c: 30:  
      +                             while (TRMT == 0) {
   812  00BA  1683               	bsf	3,5	;RP0=1, select bank1
   813  00BB  1303               	bcf	3,6	;RP1=0, select bank1
   814  00BC  1C98               	btfss	24,1	;volatile
   815  00BD  28BF               	goto	u101
   816  00BE  28C0               	goto	u100
   817  00BF                     u101:
   818  00BF  28BA               	goto	l73
   819  00C0                     u100:
   820  00C0                     l751:
   821                           
   822                           ;../7mo semestre/digital 2/Informes/Electronica_Digital_2/Lab3_LCD/LAB3.X/USART.c: 32:  
      +                             TXREG = valor[3];
   823  00C0  0873               	movf	enviar@valor,w
   824  00C1  3E03               	addlw	3
   825  00C2  0084               	movwf	4
   826  00C3  120A  118A  2114  120A  118A  	fcall	stringdir
   827  00C8  1283               	bcf	3,5	;RP0=0, select bank0
   828  00C9  1303               	bcf	3,6	;RP1=0, select bank0
   829  00CA  0099               	movwf	25	;volatile
   830  00CB                     l76:	
   831                           ;../7mo semestre/digital 2/Informes/Electronica_Digital_2/Lab3_LCD/LAB3.X/USART.c: 34:  
      +                             }
   832                           
   833                           
   834                           ;../7mo semestre/digital 2/Informes/Electronica_Digital_2/Lab3_LCD/LAB3.X/USART.c: 33:  
      +                             while (TRMT == 0) {
   835  00CB  1683               	bsf	3,5	;RP0=1, select bank1
   836  00CC  1303               	bcf	3,6	;RP1=0, select bank1
   837  00CD  1C98               	btfss	24,1	;volatile
   838  00CE  28D0               	goto	u111
   839  00CF  28D1               	goto	u110
   840  00D0                     u111:
   841  00D0  28CB               	goto	l76
   842  00D1                     u110:
   843  00D1                     l753:
   844                           
   845                           ;../7mo semestre/digital 2/Informes/Electronica_Digital_2/Lab3_LCD/LAB3.X/USART.c: 35:  
      +                             TXREG = 0x20;
   846  00D1  3020               	movlw	32
   847  00D2  1283               	bcf	3,5	;RP0=0, select bank0
   848  00D3  1303               	bcf	3,6	;RP1=0, select bank0
   849  00D4  0099               	movwf	25	;volatile
   850  00D5                     l79:	
   851                           ;../7mo semestre/digital 2/Informes/Electronica_Digital_2/Lab3_LCD/LAB3.X/USART.c: 37:  
      +                             }
   852                           
   853                           
   854                           ;../7mo semestre/digital 2/Informes/Electronica_Digital_2/Lab3_LCD/LAB3.X/USART.c: 36:  
      +                             while (TRMT == 0) {
   855  00D5  1683               	bsf	3,5	;RP0=1, select bank1
   856  00D6  1303               	bcf	3,6	;RP1=0, select bank1
   857  00D7  1C98               	btfss	24,1	;volatile
   858  00D8  28DA               	goto	u121
   859  00D9  28DB               	goto	u120
   860  00DA                     u121:
   861  00DA  28D5               	goto	l79
   862  00DB                     u120:
   863  00DB                     l82:
   864  00DB  0008               	return
   865  00DC                     __end_of_enviar:
   866                           
   867                           	psect	text4
   868  00F8                     __ptext4:	
   869 ;; *************** function _Config_USARTT *****************
   870 ;; Defined at:
   871 ;;		line 11 in file "../7mo semestre/digital 2/Informes/Electronica_Digital_2/Lab3_LCD/LAB3.X/USART.c"
   872 ;; Parameters:    Size  Location     Type
   873 ;;		None
   874 ;; Auto vars:     Size  Location     Type
   875 ;;		None
   876 ;; Return value:  Size  Location     Type
   877 ;;                  1    wreg      void 
   878 ;; Registers used:
   879 ;;		wreg
   880 ;; Tracked objects:
   881 ;;		On entry : 0/0
   882 ;;		On exit  : 0/0
   883 ;;		Unchanged: 0/0
   884 ;; Data sizes:     COMMON   BANK0   BANK1   BANK3   BANK2
   885 ;;      Params:         0       0       0       0       0
   886 ;;      Locals:         0       0       0       0       0
   887 ;;      Temps:          0       0       0       0       0
   888 ;;      Totals:         0       0       0       0       0
   889 ;;Total ram usage:        0 bytes
   890 ;; Hardware stack levels used:    1
   891 ;; Hardware stack levels required when called:    1
   892 ;; This function calls:
   893 ;;		Nothing
   894 ;; This function is called by:
   895 ;;		_main
   896 ;; This function uses a non-reentrant model
   897 ;;
   898                           
   899                           
   900                           ;psect for function _Config_USARTT
   901  00F8                     _Config_USARTT:
   902  00F8                     l685:	
   903                           ;incstack = 0
   904                           ; Regs used in _Config_USARTT: [wreg]
   905                           
   906                           
   907                           ;../7mo semestre/digital 2/Informes/Electronica_Digital_2/Lab3_LCD/LAB3.X/USART.c: 12:  
      +                             TXSTAbits.SYNC = 0;
   908  00F8  1683               	bsf	3,5	;RP0=1, select bank1
   909  00F9  1303               	bcf	3,6	;RP1=0, select bank1
   910  00FA  1218               	bcf	24,4	;volatile
   911                           
   912                           ;../7mo semestre/digital 2/Informes/Electronica_Digital_2/Lab3_LCD/LAB3.X/USART.c: 13:  
      +                             TXSTAbits.TXEN = 1;
   913  00FB  1698               	bsf	24,5	;volatile
   914                           
   915                           ;../7mo semestre/digital 2/Informes/Electronica_Digital_2/Lab3_LCD/LAB3.X/USART.c: 14:  
      +                             TXSTAbits.BRGH = 0;
   916  00FC  1118               	bcf	24,2	;volatile
   917                           
   918                           ;../7mo semestre/digital 2/Informes/Electronica_Digital_2/Lab3_LCD/LAB3.X/USART.c: 15:  
      +                             BAUDCTLbits.BRG16 = 1;
   919  00FD  1683               	bsf	3,5	;RP0=1, select bank3
   920  00FE  1703               	bsf	3,6	;RP1=1, select bank3
   921  00FF  1587               	bsf	7,3	;volatile
   922  0100                     l687:
   923                           
   924                           ;../7mo semestre/digital 2/Informes/Electronica_Digital_2/Lab3_LCD/LAB3.X/USART.c: 16:  
      +                             SPBRG = 25;
   925  0100  3019               	movlw	25
   926  0101  1683               	bsf	3,5	;RP0=1, select bank1
   927  0102  1303               	bcf	3,6	;RP1=0, select bank1
   928  0103  0099               	movwf	25	;volatile
   929  0104                     l689:
   930                           
   931                           ;../7mo semestre/digital 2/Informes/Electronica_Digital_2/Lab3_LCD/LAB3.X/USART.c: 17:  
      +                             RCSTAbits.SPEN = 1;
   932  0104  1283               	bcf	3,5	;RP0=0, select bank0
   933  0105  1303               	bcf	3,6	;RP1=0, select bank0
   934  0106  1798               	bsf	24,7	;volatile
   935  0107                     l691:
   936                           
   937                           ;../7mo semestre/digital 2/Informes/Electronica_Digital_2/Lab3_LCD/LAB3.X/USART.c: 18:  
      +                             INTCONbits.GIE = 1;
   938  0107  178B               	bsf	11,7	;volatile
   939  0108                     l64:
   940  0108  0008               	return
   941  0109                     __end_of_Config_USARTT:
   942                           
   943                           	psect	text5
   944  00DC                     __ptext5:	
   945 ;; *************** function _ISR *****************
   946 ;; Defined at:
   947 ;;		line 66 in file "main.c"
   948 ;; Parameters:    Size  Location     Type
   949 ;;		None
   950 ;; Auto vars:     Size  Location     Type
   951 ;;		None
   952 ;; Return value:  Size  Location     Type
   953 ;;                  1    wreg      void 
   954 ;; Registers used:
   955 ;;		wreg
   956 ;; Tracked objects:
   957 ;;		On entry : 0/0
   958 ;;		On exit  : 0/0
   959 ;;		Unchanged: 0/0
   960 ;; Data sizes:     COMMON   BANK0   BANK1   BANK3   BANK2
   961 ;;      Params:         0       0       0       0       0
   962 ;;      Locals:         0       0       0       0       0
   963 ;;      Temps:          3       0       0       0       0
   964 ;;      Totals:         3       0       0       0       0
   965 ;;Total ram usage:        3 bytes
   966 ;; Hardware stack levels used:    1
   967 ;; This function calls:
   968 ;;		Nothing
   969 ;; This function is called by:
   970 ;;		Interrupt level 1
   971 ;; This function uses a non-reentrant model
   972 ;;
   973                           
   974                           
   975                           ;psect for function _ISR
   976  00DC                     _ISR:
   977  00DC                     i1l735:
   978                           
   979                           ;main.c: 67:     if (PIR1bits.RCIF == 1){
   980  00DC  1283               	bcf	3,5	;RP0=0, select bank0
   981  00DD  1303               	bcf	3,6	;RP1=0, select bank0
   982  00DE  1E8C               	btfss	12,5	;volatile
   983  00DF  28E1               	goto	u6_21
   984  00E0  28E2               	goto	u6_20
   985  00E1                     u6_21:
   986  00E1  28F1               	goto	i1l45
   987  00E2                     u6_20:
   988  00E2                     i1l737:
   989                           
   990                           ;main.c: 68:         if (RCSTAbits.OERR == 1) {
   991  00E2  1C98               	btfss	24,1	;volatile
   992  00E3  28E5               	goto	u7_21
   993  00E4  28E6               	goto	u7_20
   994  00E5                     u7_21:
   995  00E5  28ED               	goto	i1l743
   996  00E6                     u7_20:
   997  00E6                     i1l739:
   998                           
   999                           ;main.c: 69:             RCSTAbits.CREN = 0;
  1000  00E6  1218               	bcf	24,4	;volatile
  1001  00E7                     i1l741:
  1002                           
  1003                           ;main.c: 70:             _delay((unsigned long)((300)*(8000000/4000000.0)));
  1004  00E7  30C7               	movlw	199
  1005  00E8  00F0               	movwf	??_ISR
  1006  00E9                     u19_27:
  1007  00E9  0BF0               	decfsz	??_ISR,f
  1008  00EA  28E9               	goto	u19_27
  1009  00EB  28EC               	nop2
  1010                           
  1011                           ;main.c: 71:         } else {
  1012  00EC  28F1               	goto	i1l45
  1013  00ED                     i1l743:
  1014                           
  1015                           ;main.c: 72:             recibido = RCREG;
  1016  00ED  081A               	movf	26,w	;volatile
  1017  00EE  00F0               	movwf	??_ISR
  1018  00EF  0870               	movf	??_ISR,w
  1019  00F0  00F7               	movwf	_recibido
  1020  00F1                     i1l45:
  1021  00F1  0872               	movf	??_ISR+2,w
  1022  00F2  008A               	movwf	10
  1023  00F3  0E71               	swapf	??_ISR+1,w
  1024  00F4  0083               	movwf	3
  1025  00F5  0EFE               	swapf	btemp,f
  1026  00F6  0E7E               	swapf	btemp,w
  1027  00F7  0009               	retfie
  1028  00F8                     __end_of_ISR:
  1029  007E                     btemp	set	126	;btemp
  1030  007E                     wtemp0	set	126
  1031                           
  1032                           	psect	intentry
  1033  0004                     __pintentry:	
  1034                           ;incstack = 0
  1035                           ; Regs used in _ISR: [wreg]
  1036                           
  1037  0004                     interrupt_function:
  1038  007E                     saved_w	set	btemp
  1039  0004  00FE               	movwf	btemp
  1040  0005  0E03               	swapf	3,w
  1041  0006  00F1               	movwf	??_ISR+1
  1042  0007  080A               	movf	10,w
  1043  0008  00F2               	movwf	??_ISR+2
  1044  0009  120A  118A  28DC   	ljmp	_ISR
  1045                           
  1046                           	psect	config
  1047                           
  1048                           ;Config register CONFIG1 @ 0x2007
  1049                           ;	Oscillator Selection bits
  1050                           ;	FOSC = INTRC_CLKOUT, INTOSC oscillator: CLKOUT function on RA6/OSC2/CLKOUT pin, I/O fu
      +                          nction on RA7/OSC1/CLKIN
  1051                           ;	Watchdog Timer Enable bit
  1052                           ;	WDTE = OFF, WDT disabled and can be enabled by SWDTEN bit of the WDTCON register
  1053                           ;	Power-up Timer Enable bit
  1054                           ;	PWRTE = OFF, PWRT disabled
  1055                           ;	RE3/MCLR pin function select bit
  1056                           ;	MCLRE = OFF, RE3/MCLR pin function is digital input, MCLR internally tied to VDD
  1057                           ;	Code Protection bit
  1058                           ;	CP = OFF, Program memory code protection is disabled
  1059                           ;	Data Code Protection bit
  1060                           ;	CPD = OFF, Data memory code protection is disabled
  1061                           ;	Brown Out Reset Selection bits
  1062                           ;	BOREN = OFF, BOR disabled
  1063                           ;	Internal External Switchover bit
  1064                           ;	IESO = OFF, Internal/External Switchover mode is disabled
  1065                           ;	Fail-Safe Clock Monitor Enabled bit
  1066                           ;	FCMEN = OFF, Fail-Safe Clock Monitor is disabled
  1067                           ;	Low Voltage Programming Enable bit
  1068                           ;	LVP = OFF, RB3 pin has digital I/O, HV on MCLR must be used for programming
  1069                           ;	In-Circuit Debugger Mode bit
  1070                           ;	DEBUG = 0x1, unprogrammed default
  1071  2007                     	org	8199
  1072  2007  20D5               	dw	8405
  1073                           
  1074                           ;Config register CONFIG2 @ 0x2008
  1075                           ;	Brown-out Reset Selection bit
  1076                           ;	BOR4V = BOR40V, Brown-out Reset set to 4.0V
  1077                           ;	Flash Program Memory Self Write Enable bits
  1078                           ;	WRT = OFF, Write protection off
  1079  2008                     	org	8200
  1080  2008  3FFF               	dw	16383

Data Sizes:
    Strings     4
    Constant    0
    Data        0
    BSS         1
    Persistent  0
    Stack       0

Auto Spaces:
    Space          Size  Autos    Used
    COMMON           14      7       8
    BANK0            80      0       0
    BANK1            80      0       0
    BANK3            96      0       0
    BANK2            96      0       0

Pointer List with Targets:

    enviar@valor	PTR unsigned char  size(1) Largest target is 4
		 -> STR_1(CODE[4]), 


Critical Paths under _main in COMMON

    _main->_enviar

Critical Paths under _ISR in COMMON

    None.

Critical Paths under _main in BANK0

    None.

Critical Paths under _ISR in BANK0

    None.

Critical Paths under _main in BANK1

    None.

Critical Paths under _ISR in BANK1

    None.

Critical Paths under _main in BANK3

    None.

Critical Paths under _ISR in BANK3

    None.

Critical Paths under _main in BANK2

    None.

Critical Paths under _ISR in BANK2

    None.

Call Graph Tables:

 ---------------------------------------------------------------------------------
 (Depth) Function   	        Calls       Base Space   Used Autos Params    Refs
 ---------------------------------------------------------------------------------
 (0) _main                                                 3     3      0     121
                                              4 COMMON     3     3      0
                      _Config_USARTT
                             _enviar
                            _recibir
                              _setup
 ---------------------------------------------------------------------------------
 (1) _setup                                                0     0      0       0
 ---------------------------------------------------------------------------------
 (1) _recibir                                              0     0      0       0
 ---------------------------------------------------------------------------------
 (2) _enviar                                               1     1      0     121
                                              3 COMMON     1     1      0
 ---------------------------------------------------------------------------------
 (1) _Config_USARTT                                        0     0      0       0
 ---------------------------------------------------------------------------------
 Estimated maximum stack depth 2
 ---------------------------------------------------------------------------------
 (Depth) Function   	        Calls       Base Space   Used Autos Params    Refs
 ---------------------------------------------------------------------------------
 (3) _ISR                                                  3     3      0       0
                                              0 COMMON     3     3      0
 ---------------------------------------------------------------------------------
 Estimated maximum stack depth 3
 ---------------------------------------------------------------------------------

 Call Graph Graphs:

 _main (ROOT)
   _Config_USARTT
   _enviar
   _recibir
   _setup

 _ISR (ROOT)

 Address spaces:
Name               Size   Autos  Total    Cost      Usage
BITCOMMON            E      0       0       0        0.0%
EEDATA             100      0       0       0        0.0%
NULL                 0      0       0       0        0.0%
CODE                 0      0       0       0        0.0%
COMMON               E      7       8       1       57.1%
BITSFR0              0      0       0       1        0.0%
SFR0                 0      0       0       1        0.0%
BITSFR1              0      0       0       2        0.0%
SFR1                 0      0       0       2        0.0%
STACK                0      0       0       2        0.0%
ABS                  0      0       8       3        0.0%
BITBANK0            50      0       0       4        0.0%
BITSFR3              0      0       0       4        0.0%
SFR3                 0      0       0       4        0.0%
BANK0               50      0       0       5        0.0%
BITSFR2              0      0       0       5        0.0%
SFR2                 0      0       0       5        0.0%
BITBANK1            50      0       0       6        0.0%
BANK1               50      0       0       7        0.0%
BITBANK3            60      0       0       8        0.0%
BANK3               60      0       0       9        0.0%
BITBANK2            60      0       0      10        0.0%
BANK2               60      0       0      11        0.0%
DATA                 0      0       8      12        0.0%


Microchip Technology PIC Macro Assembler V2.31 build 20201012212115 
Symbol Table                                                                                   Thu Mar 25 23:59:43 2021

                      pc 0002                       l37 0127                       l70 00A9  
                     l64 0108                       l73 00BA                       l82 00DB  
                     l67 0098                       l76 00CB                       l85 0113  
                     l79 00D5                       u80 009E                       u81 009D  
                     u90 00AF                       u91 00AE                       fsr 0004  
                    l751 00C0                      l753 00D1                      l745 008E  
                    l681 0123                      l761 0029                      l691 0107  
                    l747 009E                      l683 0126                      l771 0058  
                    l763 0036                      l755 0014                      l685 00F8  
                    l749 00AF                      l677 011E                      l781 007D  
                    l773 005B                      l765 003A                      l757 001E  
                    l687 0100                      l695 0109                      l679 0121  
                    l775 0068                      l767 0047                      l759 0023  
                    l689 0104                      l777 006C                      l769 004B  
                    l779 0079                      u100 00C0                      u101 00BF  
                    u110 00D1                      u111 00D0                      u120 00DB  
                    u121 00DA                      u137 002F                      u147 0040  
                    u157 0051                      u167 0061                      u177 0072  
                    u187 0083                      _ISR 00DC                      fsr0 0004  
                   ?_ISR 0070                     STR_1 011A                     i1l45 00F1  
                   _TRMT 04C1                     u6_20 00E2                     u6_21 00E1  
                   u7_20 00E6                     u7_21 00E5                     _main 0014  
                   btemp 007E                     start 000C                    ??_ISR 0070  
                  ?_main 0070                    i1l741 00E7                    i1l743 00ED  
                  i1l735 00DC                    i1l737 00E2                    i1l739 00E6  
                  _RCREG 001A                    _SPBRG 0099                    _PORTC 0007  
                  _PORTD 0008                    u19_27 00E9                    _TRISC 0087  
                  _TRISD 0088                    _TXREG 0019          __end_of_recibir 0114  
                  _setup 011E                    pclath 000A                    status 0003  
                  wtemp0 007E          __initialization 000F             __end_of_main 008D  
            enviar@valor 0073                   ??_main 0074                   ?_setup 0070  
                 _enviar 008D                ??_recibir 0073                   saved_w 007E  
__end_of__initialization 0010    __end_of_Config_USARTT 0109           __pcstackCOMMON 0070  
          __end_of_setup 0128                  ??_setup 0073               __pmaintext 0014  
             __pintentry 0004                  ?_enviar 0070               __stringtab 0114  
        __size_of_enviar 004F                  __ptext1 011E                  __ptext2 0109  
                __ptext3 008D                  __ptext4 00F8                  __ptext5 00DC  
           __size_of_ISR 001C                  _recibir 0109     end_of_initialization 0010  
              _RCSTAbits 0018                _TXSTAbits 0098              _BAUDCTLbits 0187  
         __end_of_enviar 00DC      start_initialization 000F              __end_of_ISR 00F8  
               ??_enviar 0073              __pbssCOMMON 0077                ___latbits 0002  
 __size_of_Config_USARTT 0011                __pstrings 0114                 ?_recibir 0070  
         __size_of_setup 000A        interrupt_function 0004                 _PIE1bits 008C  
               _PIR1bits 000C            _Config_USARTT 00F8              __stringbase 0119  
         ?_Config_USARTT 0070       __end_of__stringtab 011A         __size_of_recibir 000B  
          __size_of_main 0079                 _recibido 0077               _INTCONbits 000B  
               intlevel1 0000          ??_Config_USARTT 0073                stringcode 0114  
               stringdir 0114                 stringtab 0114  
